{"meta": {"format": 3, "version": "7.13.1", "timestamp": "2026-02-01T10:51:18.929162", "branch_coverage": false, "show_contexts": false}, "files": {"app\\__init__.py": {"executed_lines": [3], "summary": {"covered_lines": 1, "num_statements": 1, "percent_covered": 100.0, "percent_covered_display": "100", "missing_lines": 0, "excluded_lines": 0, "percent_statements_covered": 100.0, "percent_statements_covered_display": "100"}, "missing_lines": [], "excluded_lines": [], "functions": {"": {"executed_lines": [3], "summary": {"covered_lines": 1, "num_statements": 1, "percent_covered": 100.0, "percent_covered_display": "100", "missing_lines": 0, "excluded_lines": 0, "percent_statements_covered": 100.0, "percent_statements_covered_display": "100"}, "missing_lines": [], "excluded_lines": [], "start_line": 1}}, "classes": {"": {"executed_lines": [3], "summary": {"covered_lines": 1, "num_statements": 1, "percent_covered": 100.0, "percent_covered_display": "100", "missing_lines": 0, "excluded_lines": 0, "percent_statements_covered": 100.0, "percent_statements_covered_display": "100"}, "missing_lines": [], "excluded_lines": [], "start_line": 1}}}, "app\\ai\\chroma_manager.py": {"executed_lines": [12, 13, 14, 16, 17, 19, 21, 25, 26, 27, 28, 31, 57, 59, 63, 66, 69, 72, 73, 74, 99, 102, 103, 105, 111, 112, 113, 114, 120, 123, 142, 146, 147, 148, 149, 150, 153, 184, 185, 187, 189, 198, 199, 200, 201, 207, 210, 237, 239, 240, 241, 243, 245, 247, 254, 255, 261, 291, 292, 295, 296, 300, 307, 308, 309, 310, 311, 313, 314, 323, 326, 327, 328, 329, 332, 358, 368, 369, 370, 371, 372, 378], "summary": {"covered_lines": 82, "num_statements": 112, "percent_covered": 73.21428571428571, "percent_covered_display": "73", "missing_lines": 30, "excluded_lines": 0, "percent_statements_covered": 73.21428571428571, "percent_statements_covered_display": "73"}, "missing_lines": [82, 83, 84, 88, 89, 98, 143, 256, 257, 258, 297, 342, 343, 344, 346, 347, 352, 353, 354, 355, 373, 374, 375, 388, 389, 392, 397, 398, 399, 400], "excluded_lines": [], "functions": {"initialize_chroma": {"executed_lines": [57, 59, 63, 66, 69, 72, 73, 74, 99, 102, 103, 105, 111, 112, 113, 114, 120], "summary": {"covered_lines": 17, "num_statements": 23, "percent_covered": 73.91304347826087, "percent_covered_display": "74", "missing_lines": 6, "excluded_lines": 0, "percent_statements_covered": 73.91304347826087, "percent_statements_covered_display": "74"}, "missing_lines": [82, 83, 84, 88, 89, 98], "excluded_lines": [], "start_line": 31}, "get_collection": {"executed_lines": [142, 146, 147, 148, 149, 150], "summary": {"covered_lines": 6, "num_statements": 7, "percent_covered": 85.71428571428571, "percent_covered_display": "86", "missing_lines": 1, "excluded_lines": 0, "percent_statements_covered": 85.71428571428571, "percent_statements_covered_display": "86"}, "missing_lines": [143], "excluded_lines": [], "start_line": 123}, "store_embedding": {"executed_lines": [184, 185, 187, 189, 198, 199, 200, 201, 207], "summary": {"covered_lines": 9, "num_statements": 9, "percent_covered": 100.0, "percent_covered_display": "100", "missing_lines": 0, "excluded_lines": 0, "percent_statements_covered": 100.0, "percent_statements_covered_display": "100"}, "missing_lines": [], "excluded_lines": [], "start_line": 153}, "store_embeddings_batch": {"executed_lines": [237, 239, 240, 241, 243, 245, 247, 254, 255], "summary": {"covered_lines": 9, "num_statements": 12, "percent_covered": 75.0, "percent_covered_display": "75", "missing_lines": 3, "excluded_lines": 0, "percent_statements_covered": 75.0, "percent_statements_covered_display": "75"}, "missing_lines": [256, 257, 258], "excluded_lines": [], "start_line": 210}, "search_embeddings": {"executed_lines": [291, 292, 295, 296, 300, 307, 308, 309, 310, 311, 313, 314, 323, 326, 327, 328, 329], "summary": {"covered_lines": 17, "num_statements": 18, "percent_covered": 94.44444444444444, "percent_covered_display": "94", "missing_lines": 1, "excluded_lines": 0, "percent_statements_covered": 94.44444444444444, "percent_statements_covered_display": "94"}, "missing_lines": [297], "excluded_lines": [], "start_line": 261}, "get_embedding": {"executed_lines": [], "summary": {"covered_lines": 0, "num_statements": 9, "percent_covered": 0.0, "percent_covered_display": "0", "missing_lines": 9, "excluded_lines": 0, "percent_statements_covered": 0.0, "percent_statements_covered_display": "0"}, "missing_lines": [342, 343, 344, 346, 347, 352, 353, 354, 355], "excluded_lines": [], "start_line": 332}, "delete_embedding": {"executed_lines": [368, 369, 370, 371, 372], "summary": {"covered_lines": 5, "num_statements": 8, "percent_covered": 62.5, "percent_covered_display": "62", "missing_lines": 3, "excluded_lines": 0, "percent_statements_covered": 62.5, "percent_statements_covered_display": "62"}, "missing_lines": [373, 374, 375], "excluded_lines": [], "start_line": 358}, "get_project_memory_count": {"executed_lines": [], "summary": {"covered_lines": 0, "num_statements": 7, "percent_covered": 0.0, "percent_covered_display": "0", "missing_lines": 7, "excluded_lines": 0, "percent_statements_covered": 0.0, "percent_statements_covered_display": "0"}, "missing_lines": [388, 389, 392, 397, 398, 399, 400], "excluded_lines": [], "start_line": 378}, "": {"executed_lines": [12, 13, 14, 16, 17, 19, 21, 25, 26, 27, 28, 31, 123, 153, 210, 261, 332, 358, 378], "summary": {"covered_lines": 19, "num_statements": 19, "percent_covered": 100.0, "percent_covered_display": "100", "missing_lines": 0, "excluded_lines": 0, "percent_statements_covered": 100.0, "percent_statements_covered_display": "100"}, "missing_lines": [], "excluded_lines": [], "start_line": 1}}, "classes": {"": {"executed_lines": [12, 13, 14, 16, 17, 19, 21, 25, 26, 27, 28, 31, 57, 59, 63, 66, 69, 72, 73, 74, 99, 102, 103, 105, 111, 112, 113, 114, 120, 123, 142, 146, 147, 148, 149, 150, 153, 184, 185, 187, 189, 198, 199, 200, 201, 207, 210, 237, 239, 240, 241, 243, 245, 247, 254, 255, 261, 291, 292, 295, 296, 300, 307, 308, 309, 310, 311, 313, 314, 323, 326, 327, 328, 329, 332, 358, 368, 369, 370, 371, 372, 378], "summary": {"covered_lines": 82, "num_statements": 112, "percent_covered": 73.21428571428571, "percent_covered_display": "73", "missing_lines": 30, "excluded_lines": 0, "percent_statements_covered": 73.21428571428571, "percent_statements_covered_display": "73"}, "missing_lines": [82, 83, 84, 88, 89, 98, 143, 256, 257, 258, 297, 342, 343, 344, 346, 347, 352, 353, 354, 355, 373, 374, 375, 388, 389, 392, 397, 398, 399, 400], "excluded_lines": [], "start_line": 1}}}, "app\\ai\\graph.py": {"executed_lines": [3, 6, 7, 8, 9, 10, 11, 12, 15, 29, 34, 35, 36, 37, 38, 43, 48, 60, 65, 77, 82], "summary": {"covered_lines": 21, "num_statements": 21, "percent_covered": 100.0, "percent_covered_display": "100", "missing_lines": 0, "excluded_lines": 0, "percent_statements_covered": 100.0, "percent_statements_covered_display": "100"}, "missing_lines": [], "excluded_lines": [], "functions": {"create_graph": {"executed_lines": [29, 34, 35, 36, 37, 38, 43, 48, 60, 65, 77, 82], "summary": {"covered_lines": 12, "num_statements": 12, "percent_covered": 100.0, "percent_covered_display": "100", "missing_lines": 0, "excluded_lines": 0, "percent_statements_covered": 100.0, "percent_statements_covered_display": "100"}, "missing_lines": [], "excluded_lines": [], "start_line": 15}, "": {"executed_lines": [3, 6, 7, 8, 9, 10, 11, 12, 15], "summary": {"covered_lines": 9, "num_statements": 9, "percent_covered": 100.0, "percent_covered_display": "100", "missing_lines": 0, "excluded_lines": 0, "percent_statements_covered": 100.0, "percent_statements_covered_display": "100"}, "missing_lines": [], "excluded_lines": [], "start_line": 1}}, "classes": {"": {"executed_lines": [3, 6, 7, 8, 9, 10, 11, 12, 15, 29, 34, 35, 36, 37, 38, 43, 48, 60, 65, 77, 82], "summary": {"covered_lines": 21, "num_statements": 21, "percent_covered": 100.0, "percent_covered_display": "100", "missing_lines": 0, "excluded_lines": 0, "percent_statements_covered": 100.0, "percent_statements_covered_display": "100"}, "missing_lines": [], "excluded_lines": [], "start_line": 1}}}, "app\\ai\\llm_factory.py": {"executed_lines": [12, 13, 14, 15, 17, 20, 30, 31, 38, 45, 46, 53, 60, 61, 75, 76, 102, 104, 107, 109, 112, 117], "summary": {"covered_lines": 22, "num_statements": 26, "percent_covered": 84.61538461538461, "percent_covered_display": "85", "missing_lines": 4, "excluded_lines": 0, "percent_statements_covered": 84.61538461538461, "percent_statements_covered_display": "85"}, "missing_lines": [68, 93, 114, 133], "excluded_lines": [], "functions": {"LLMFactory.create_clarification_llm": {"executed_lines": [38], "summary": {"covered_lines": 1, "num_statements": 1, "percent_covered": 100.0, "percent_covered_display": "100", "missing_lines": 0, "excluded_lines": 0, "percent_statements_covered": 100.0, "percent_statements_covered_display": "100"}, "missing_lines": [], "excluded_lines": [], "start_line": 31}, "LLMFactory.create_template_filler_llm": {"executed_lines": [53], "summary": {"covered_lines": 1, "num_statements": 1, "percent_covered": 100.0, "percent_covered_display": "100", "missing_lines": 0, "excluded_lines": 0, "percent_statements_covered": 100.0, "percent_statements_covered_display": "100"}, "missing_lines": [], "excluded_lines": [], "start_line": 46}, "LLMFactory.create_suggestions_llm": {"executed_lines": [], "summary": {"covered_lines": 0, "num_statements": 1, "percent_covered": 0.0, "percent_covered_display": "0", "missing_lines": 1, "excluded_lines": 0, "percent_statements_covered": 0.0, "percent_statements_covered_display": "0"}, "missing_lines": [68], "excluded_lines": [], "start_line": 61}, "LLMFactory.create_custom_llm": {"executed_lines": [], "summary": {"covered_lines": 0, "num_statements": 1, "percent_covered": 0.0, "percent_covered_display": "0", "missing_lines": 1, "excluded_lines": 0, "percent_statements_covered": 0.0, "percent_statements_covered_display": "0"}, "missing_lines": [93], "excluded_lines": [], "start_line": 76}, "get_clarification_llm": {"executed_lines": [104], "summary": {"covered_lines": 1, "num_statements": 1, "percent_covered": 100.0, "percent_covered_display": "100", "missing_lines": 0, "excluded_lines": 0, "percent_statements_covered": 100.0, "percent_statements_covered_display": "100"}, "missing_lines": [], "excluded_lines": [], "start_line": 102}, "get_template_filler_llm": {"executed_lines": [109], "summary": {"covered_lines": 1, "num_statements": 1, "percent_covered": 100.0, "percent_covered_display": "100", "missing_lines": 0, "excluded_lines": 0, "percent_statements_covered": 100.0, "percent_statements_covered_display": "100"}, "missing_lines": [], "excluded_lines": [], "start_line": 107}, "get_suggestions_llm": {"executed_lines": [], "summary": {"covered_lines": 0, "num_statements": 1, "percent_covered": 0.0, "percent_covered_display": "0", "missing_lines": 1, "excluded_lines": 0, "percent_statements_covered": 0.0, "percent_statements_covered_display": "0"}, "missing_lines": [114], "excluded_lines": [], "start_line": 112}, "get_llm": {"executed_lines": [], "summary": {"covered_lines": 0, "num_statements": 1, "percent_covered": 0.0, "percent_covered_display": "0", "missing_lines": 1, "excluded_lines": 0, "percent_statements_covered": 0.0, "percent_statements_covered_display": "0"}, "missing_lines": [133], "excluded_lines": [], "start_line": 117}, "": {"executed_lines": [12, 13, 14, 15, 17, 20, 30, 31, 45, 46, 60, 61, 75, 76, 102, 107, 112, 117], "summary": {"covered_lines": 18, "num_statements": 18, "percent_covered": 100.0, "percent_covered_display": "100", "missing_lines": 0, "excluded_lines": 0, "percent_statements_covered": 100.0, "percent_statements_covered_display": "100"}, "missing_lines": [], "excluded_lines": [], "start_line": 1}}, "classes": {"LLMFactory": {"executed_lines": [38, 53], "summary": {"covered_lines": 2, "num_statements": 4, "percent_covered": 50.0, "percent_covered_display": "50", "missing_lines": 2, "excluded_lines": 0, "percent_statements_covered": 50.0, "percent_statements_covered_display": "50"}, "missing_lines": [68, 93], "excluded_lines": [], "start_line": 20}, "": {"executed_lines": [12, 13, 14, 15, 17, 20, 30, 31, 45, 46, 60, 61, 75, 76, 102, 104, 107, 109, 112, 117], "summary": {"covered_lines": 20, "num_statements": 22, "percent_covered": 90.9090909090909, "percent_covered_display": "91", "missing_lines": 2, "excluded_lines": 0, "percent_statements_covered": 90.9090909090909, "percent_statements_covered_display": "91"}, "missing_lines": [114, 133], "excluded_lines": [], "start_line": 1}}}, "app\\ai\\memory_service.py": {"executed_lines": [6, 7, 8, 9, 11, 13, 14, 16, 19, 47, 48, 51, 54, 61, 62, 64, 67, 74, 75, 79, 81, 84, 85, 88, 90, 92, 93, 99, 102, 113, 115, 121, 122, 124, 137, 157, 159, 167, 168, 169, 170, 176, 177, 190, 193, 199, 210, 212, 218, 219, 220, 223, 225, 226, 227, 234, 245, 246, 251, 252, 253, 254, 256], "summary": {"covered_lines": 63, "num_statements": 76, "percent_covered": 82.89473684210526, "percent_covered_display": "83", "missing_lines": 13, "excluded_lines": 0, "percent_statements_covered": 82.89473684210526, "percent_statements_covered_display": "83"}, "missing_lines": [132, 133, 134, 194, 195, 196, 228, 229, 230, 231, 267, 268, 269], "excluded_lines": [], "functions": {"create_memory": {"executed_lines": [47, 48, 51, 54, 61, 62, 64, 67, 74, 75, 79, 81, 84, 85, 88, 90, 92, 93, 99], "summary": {"covered_lines": 19, "num_statements": 19, "percent_covered": 100.0, "percent_covered_display": "100", "missing_lines": 0, "excluded_lines": 0, "percent_statements_covered": 100.0, "percent_statements_covered_display": "100"}, "missing_lines": [], "excluded_lines": [], "start_line": 19}, "retrieve_memory": {"executed_lines": [113, 115, 121, 122, 124], "summary": {"covered_lines": 5, "num_statements": 8, "percent_covered": 62.5, "percent_covered_display": "62", "missing_lines": 3, "excluded_lines": 0, "percent_statements_covered": 62.5, "percent_statements_covered_display": "62"}, "missing_lines": [132, 133, 134], "excluded_lines": [], "start_line": 102}, "search_project_memories": {"executed_lines": [157, 159, 167, 168, 169, 170, 176, 177, 190, 193], "summary": {"covered_lines": 10, "num_statements": 13, "percent_covered": 76.92307692307692, "percent_covered_display": "77", "missing_lines": 3, "excluded_lines": 0, "percent_statements_covered": 76.92307692307692, "percent_statements_covered_display": "77"}, "missing_lines": [194, 195, 196], "excluded_lines": [], "start_line": 137}, "delete_memory": {"executed_lines": [210, 212, 218, 219, 220, 223, 225, 226, 227], "summary": {"covered_lines": 9, "num_statements": 13, "percent_covered": 69.23076923076923, "percent_covered_display": "69", "missing_lines": 4, "excluded_lines": 0, "percent_statements_covered": 69.23076923076923, "percent_statements_covered_display": "69"}, "missing_lines": [228, 229, 230, 231], "excluded_lines": [], "start_line": 199}, "get_project_memory_summary": {"executed_lines": [245, 246, 251, 252, 253, 254, 256], "summary": {"covered_lines": 7, "num_statements": 10, "percent_covered": 70.0, "percent_covered_display": "70", "missing_lines": 3, "excluded_lines": 0, "percent_statements_covered": 70.0, "percent_statements_covered_display": "70"}, "missing_lines": [267, 268, 269], "excluded_lines": [], "start_line": 234}, "": {"executed_lines": [6, 7, 8, 9, 11, 13, 14, 16, 19, 102, 137, 199, 234], "summary": {"covered_lines": 13, "num_statements": 13, "percent_covered": 100.0, "percent_covered_display": "100", "missing_lines": 0, "excluded_lines": 0, "percent_statements_covered": 100.0, "percent_statements_covered_display": "100"}, "missing_lines": [], "excluded_lines": [], "start_line": 1}}, "classes": {"": {"executed_lines": [6, 7, 8, 9, 11, 13, 14, 16, 19, 47, 48, 51, 54, 61, 62, 64, 67, 74, 75, 79, 81, 84, 85, 88, 90, 92, 93, 99, 102, 113, 115, 121, 122, 124, 137, 157, 159, 167, 168, 169, 170, 176, 177, 190, 193, 199, 210, 212, 218, 219, 220, 223, 225, 226, 227, 234, 245, 246, 251, 252, 253, 254, 256], "summary": {"covered_lines": 63, "num_statements": 76, "percent_covered": 82.89473684210526, "percent_covered_display": "83", "missing_lines": 13, "excluded_lines": 0, "percent_statements_covered": 82.89473684210526, "percent_statements_covered_display": "83"}, "missing_lines": [132, 133, 134, 194, 195, 196, 228, 229, 230, 231, 267, 268, 269], "excluded_lines": [], "start_line": 1}}}, "app\\ai\\nodes\\clarification\\__init__.py": {"executed_lines": [1, 2, 4], "summary": {"covered_lines": 3, "num_statements": 3, "percent_covered": 100.0, "percent_covered_display": "100", "missing_lines": 0, "excluded_lines": 0, "percent_statements_covered": 100.0, "percent_statements_covered_display": "100"}, "missing_lines": [], "excluded_lines": [], "functions": {"": {"executed_lines": [1, 2, 4], "summary": {"covered_lines": 3, "num_statements": 3, "percent_covered": 100.0, "percent_covered_display": "100", "missing_lines": 0, "excluded_lines": 0, "percent_statements_covered": 100.0, "percent_statements_covered_display": "100"}, "missing_lines": [], "excluded_lines": [], "start_line": 1}}, "classes": {"": {"executed_lines": [1, 2, 4], "summary": {"covered_lines": 3, "num_statements": 3, "percent_covered": 100.0, "percent_covered_display": "100", "missing_lines": 0, "excluded_lines": 0, "percent_statements_covered": 100.0, "percent_statements_covered_display": "100"}, "missing_lines": [], "excluded_lines": [], "start_line": 1}}}, "app\\ai\\nodes\\clarification\\clarification_node.py": {"executed_lines": [6, 8, 9, 12, 13, 14, 15, 16, 17, 20, 26, 27, 28, 30, 37, 50, 51, 53, 54, 55, 56, 57, 59, 62, 63, 64, 65, 66, 67, 68, 70, 74, 78, 99], "summary": {"covered_lines": 34, "num_statements": 43, "percent_covered": 79.06976744186046, "percent_covered_display": "79", "missing_lines": 9, "excluded_lines": 0, "percent_statements_covered": 79.06976744186046, "percent_statements_covered_display": "79"}, "missing_lines": [45, 47, 69, 71, 106, 107, 110, 111, 114], "excluded_lines": [], "functions": {"clarification_node": {"executed_lines": [13, 14, 15, 16, 17, 20, 26, 27, 28, 30, 37, 50, 51, 53, 54, 55, 56, 57, 59, 62, 63, 64, 65, 66, 67, 68, 70, 74, 78], "summary": {"covered_lines": 29, "num_statements": 33, "percent_covered": 87.87878787878788, "percent_covered_display": "88", "missing_lines": 4, "excluded_lines": 0, "percent_statements_covered": 87.87878787878788, "percent_statements_covered_display": "88"}, "missing_lines": [45, 47, 69, 71], "excluded_lines": [], "start_line": 12}, "should_request_clarification": {"executed_lines": [], "summary": {"covered_lines": 0, "num_statements": 5, "percent_covered": 0.0, "percent_covered_display": "0", "missing_lines": 5, "excluded_lines": 0, "percent_statements_covered": 0.0, "percent_statements_covered_display": "0"}, "missing_lines": [106, 107, 110, 111, 114], "excluded_lines": [], "start_line": 99}, "": {"executed_lines": [6, 8, 9, 12, 99], "summary": {"covered_lines": 5, "num_statements": 5, "percent_covered": 100.0, "percent_covered_display": "100", "missing_lines": 0, "excluded_lines": 0, "percent_statements_covered": 100.0, "percent_statements_covered_display": "100"}, "missing_lines": [], "excluded_lines": [], "start_line": 1}}, "classes": {"": {"executed_lines": [6, 8, 9, 12, 13, 14, 15, 16, 17, 20, 26, 27, 28, 30, 37, 50, 51, 53, 54, 55, 56, 57, 59, 62, 63, 64, 65, 66, 67, 68, 70, 74, 78, 99], "summary": {"covered_lines": 34, "num_statements": 43, "percent_covered": 79.06976744186046, "percent_covered_display": "79", "missing_lines": 9, "excluded_lines": 0, "percent_statements_covered": 79.06976744186046, "percent_statements_covered_display": "79"}, "missing_lines": [45, 47, 69, 71, 106, 107, 110, 111, 114], "excluded_lines": [], "start_line": 1}}}, "app\\ai\\nodes\\clarification\\llm_ambiguity_detector.py": {"executed_lines": [1, 2, 3, 4, 5, 6, 8, 9, 11, 14, 15, 16, 17, 18, 19, 20, 23, 29, 92, 113, 127, 129, 130, 135, 137, 139, 140, 142, 143, 147, 148, 149, 158, 160, 161, 169, 171, 173, 174, 179, 180, 188, 191, 192, 196, 203, 204, 206, 208, 219, 220, 221, 223, 233, 235, 238, 239, 241, 245, 246, 248, 250, 253, 259, 269, 271, 273, 277, 281, 282, 283, 285, 289], "summary": {"covered_lines": 73, "num_statements": 87, "percent_covered": 83.9080459770115, "percent_covered_display": "84", "missing_lines": 14, "excluded_lines": 0, "percent_statements_covered": 83.9080459770115, "percent_statements_covered_display": "84"}, "missing_lines": [144, 151, 162, 163, 164, 181, 225, 226, 228, 236, 254, 261, 262, 264], "excluded_lines": [], "functions": {"LLMAmbiguityDetector.__init__": {"executed_lines": [127, 129, 130], "summary": {"covered_lines": 3, "num_statements": 3, "percent_covered": 100.0, "percent_covered_display": "100", "missing_lines": 0, "excluded_lines": 0, "percent_statements_covered": 100.0, "percent_statements_covered_display": "100"}, "missing_lines": [], "excluded_lines": [], "start_line": 113}, "LLMAmbiguityDetector._extract_json": {"executed_lines": [137, 139, 140, 142, 143, 147, 148, 149], "summary": {"covered_lines": 8, "num_statements": 10, "percent_covered": 80.0, "percent_covered_display": "80", "missing_lines": 2, "excluded_lines": 0, "percent_statements_covered": 80.0, "percent_statements_covered_display": "80"}, "missing_lines": [144, 151], "excluded_lines": [], "start_line": 135}, "LLMAmbiguityDetector._call_llm": {"executed_lines": [160, 161], "summary": {"covered_lines": 2, "num_statements": 5, "percent_covered": 40.0, "percent_covered_display": "40", "missing_lines": 3, "excluded_lines": 0, "percent_statements_covered": 40.0, "percent_statements_covered_display": "40"}, "missing_lines": [162, 163, 164], "excluded_lines": [], "start_line": 158}, "LLMAmbiguityDetector.analyze": {"executed_lines": [171, 173, 174, 179, 180, 188, 191, 192, 196, 203, 204, 206, 208, 219, 220, 221, 223], "summary": {"covered_lines": 17, "num_statements": 21, "percent_covered": 80.95238095238095, "percent_covered_display": "81", "missing_lines": 4, "excluded_lines": 0, "percent_statements_covered": 80.95238095238095, "percent_statements_covered_display": "81"}, "missing_lines": [181, 225, 226, 228], "excluded_lines": [], "start_line": 169}, "LLMAmbiguityDetector.generate_questions": {"executed_lines": [235, 238, 239, 241, 245, 246, 248, 250, 253, 259], "summary": {"covered_lines": 10, "num_statements": 15, "percent_covered": 66.66666666666667, "percent_covered_display": "67", "missing_lines": 5, "excluded_lines": 0, "percent_statements_covered": 66.66666666666667, "percent_statements_covered_display": "67"}, "missing_lines": [236, 254, 261, 262, 264], "excluded_lines": [], "start_line": 233}, "LLMAmbiguityDetector.analyze_and_generate_questions": {"executed_lines": [271, 273, 277, 281, 282, 283, 285, 289], "summary": {"covered_lines": 8, "num_statements": 8, "percent_covered": 100.0, "percent_covered_display": "100", "missing_lines": 0, "excluded_lines": 0, "percent_statements_covered": 100.0, "percent_statements_covered_display": "100"}, "missing_lines": [], "excluded_lines": [], "start_line": 269}, "": {"executed_lines": [1, 2, 3, 4, 5, 6, 8, 9, 11, 14, 15, 16, 17, 18, 19, 20, 23, 29, 92, 113, 135, 158, 169, 233, 269], "summary": {"covered_lines": 25, "num_statements": 25, "percent_covered": 100.0, "percent_covered_display": "100", "missing_lines": 0, "excluded_lines": 0, "percent_statements_covered": 100.0, "percent_statements_covered_display": "100"}, "missing_lines": [], "excluded_lines": [], "start_line": 1}}, "classes": {"Ambiguity": {"executed_lines": [], "summary": {"covered_lines": 0, "num_statements": 0, "percent_covered": 100.0, "percent_covered_display": "100", "missing_lines": 0, "excluded_lines": 0, "percent_statements_covered": 100.0, "percent_statements_covered_display": "100"}, "missing_lines": [], "excluded_lines": [], "start_line": 15}, "LLMAmbiguityDetector": {"executed_lines": [127, 129, 130, 137, 139, 140, 142, 143, 147, 148, 149, 160, 161, 171, 173, 174, 179, 180, 188, 191, 192, 196, 203, 204, 206, 208, 219, 220, 221, 223, 235, 238, 239, 241, 245, 246, 248, 250, 253, 259, 271, 273, 277, 281, 282, 283, 285, 289], "summary": {"covered_lines": 48, "num_statements": 62, "percent_covered": 77.41935483870968, "percent_covered_display": "77", "missing_lines": 14, "excluded_lines": 0, "percent_statements_covered": 77.41935483870968, "percent_statements_covered_display": "77"}, "missing_lines": [144, 151, 162, 163, 164, 181, 225, 226, 228, 236, 254, 261, 262, 264], "excluded_lines": [], "start_line": 23}, "": {"executed_lines": [1, 2, 3, 4, 5, 6, 8, 9, 11, 14, 15, 16, 17, 18, 19, 20, 23, 29, 92, 113, 135, 158, 169, 233, 269], "summary": {"covered_lines": 25, "num_statements": 25, "percent_covered": 100.0, "percent_covered_display": "100", "missing_lines": 0, "excluded_lines": 0, "percent_statements_covered": 100.0, "percent_statements_covered_display": "100"}, "missing_lines": [], "excluded_lines": [], "start_line": 1}}}, "app\\ai\\nodes\\echo_node.py": {"executed_lines": [1, 4, 5, 6], "summary": {"covered_lines": 4, "num_statements": 4, "percent_covered": 100.0, "percent_covered_display": "100", "missing_lines": 0, "excluded_lines": 0, "percent_statements_covered": 100.0, "percent_statements_covered_display": "100"}, "missing_lines": [], "excluded_lines": [], "functions": {"echo_node": {"executed_lines": [5, 6], "summary": {"covered_lines": 2, "num_statements": 2, "percent_covered": 100.0, "percent_covered_display": "100", "missing_lines": 0, "excluded_lines": 0, "percent_statements_covered": 100.0, "percent_statements_covered_display": "100"}, "missing_lines": [], "excluded_lines": [], "start_line": 4}, "": {"executed_lines": [1, 4], "summary": {"covered_lines": 2, "num_statements": 2, "percent_covered": 100.0, "percent_covered_display": "100", "missing_lines": 0, "excluded_lines": 0, "percent_statements_covered": 100.0, "percent_statements_covered_display": "100"}, "missing_lines": [], "excluded_lines": [], "start_line": 1}}, "classes": {"": {"executed_lines": [1, 4, 5, 6], "summary": {"covered_lines": 4, "num_statements": 4, "percent_covered": 100.0, "percent_covered_display": "100", "missing_lines": 0, "excluded_lines": 0, "percent_statements_covered": 100.0, "percent_statements_covered_display": "100"}, "missing_lines": [], "excluded_lines": [], "start_line": 1}}}, "app\\ai\\nodes\\memory_node.py": {"executed_lines": [1, 2, 4, 5, 7, 10, 14, 15, 18, 19, 20, 21, 22, 24, 25, 27, 38, 41, 42, 53], "summary": {"covered_lines": 20, "num_statements": 23, "percent_covered": 86.95652173913044, "percent_covered_display": "87", "missing_lines": 3, "excluded_lines": 0, "percent_statements_covered": 86.95652173913044, "percent_statements_covered_display": "87"}, "missing_lines": [47, 48, 50], "excluded_lines": [], "functions": {"memory_node": {"executed_lines": [14, 15, 18, 19, 20, 21, 22, 24, 25, 27, 38, 41, 42, 53], "summary": {"covered_lines": 14, "num_statements": 17, "percent_covered": 82.3529411764706, "percent_covered_display": "82", "missing_lines": 3, "excluded_lines": 0, "percent_statements_covered": 82.3529411764706, "percent_statements_covered_display": "82"}, "missing_lines": [47, 48, 50], "excluded_lines": [], "start_line": 10}, "": {"executed_lines": [1, 2, 4, 5, 7, 10], "summary": {"covered_lines": 6, "num_statements": 6, "percent_covered": 100.0, "percent_covered_display": "100", "missing_lines": 0, "excluded_lines": 0, "percent_statements_covered": 100.0, "percent_statements_covered_display": "100"}, "missing_lines": [], "excluded_lines": [], "start_line": 1}}, "classes": {"": {"executed_lines": [1, 2, 4, 5, 7, 10, 14, 15, 18, 19, 20, 21, 22, 24, 25, 27, 38, 41, 42, 53], "summary": {"covered_lines": 20, "num_statements": 23, "percent_covered": 86.95652173913044, "percent_covered_display": "87", "missing_lines": 3, "excluded_lines": 0, "percent_statements_covered": 86.95652173913044, "percent_statements_covered_display": "87"}, "missing_lines": [47, 48, 50], "excluded_lines": [], "start_line": 1}}}, "app\\ai\\nodes\\suggestions\\__init__.py": {"executed_lines": [1, 3], "summary": {"covered_lines": 2, "num_statements": 2, "percent_covered": 100.0, "percent_covered_display": "100", "missing_lines": 0, "excluded_lines": 0, "percent_statements_covered": 100.0, "percent_statements_covered_display": "100"}, "missing_lines": [], "excluded_lines": [], "functions": {"": {"executed_lines": [1, 3], "summary": {"covered_lines": 2, "num_statements": 2, "percent_covered": 100.0, "percent_covered_display": "100", "missing_lines": 0, "excluded_lines": 0, "percent_statements_covered": 100.0, "percent_statements_covered_display": "100"}, "missing_lines": [], "excluded_lines": [], "start_line": 1}}, "classes": {"": {"executed_lines": [1, 3], "summary": {"covered_lines": 2, "num_statements": 2, "percent_covered": 100.0, "percent_covered_display": "100", "missing_lines": 0, "excluded_lines": 0, "percent_statements_covered": 100.0, "percent_statements_covered_display": "100"}, "missing_lines": [], "excluded_lines": [], "start_line": 1}}}, "app\\ai\\nodes\\suggestions\\llm_suggestions_generator.py": {"executed_lines": [5, 6, 7, 8, 9, 10, 12, 15, 28, 30, 33, 36, 42, 43, 45, 47, 48, 55, 60, 61, 62, 63, 65, 114, 116, 118, 119, 121, 122, 123, 126, 127, 128, 129, 131, 144, 146, 147, 150], "summary": {"covered_lines": 39, "num_statements": 67, "percent_covered": 58.208955223880594, "percent_covered_display": "58", "missing_lines": 28, "excluded_lines": 0, "percent_statements_covered": 58.208955223880594, "percent_statements_covered_display": "58"}, "missing_lines": [50, 51, 52, 134, 136, 137, 138, 139, 140, 141, 152, 155, 156, 158, 159, 160, 161, 163, 164, 165, 166, 172, 173, 174, 175, 177, 178, 180], "excluded_lines": [], "functions": {"generate_creative_suggestions": {"executed_lines": [28, 30, 33, 36, 42, 43, 45, 47, 48], "summary": {"covered_lines": 9, "num_statements": 12, "percent_covered": 75.0, "percent_covered_display": "75", "missing_lines": 3, "excluded_lines": 0, "percent_statements_covered": 75.0, "percent_statements_covered_display": "75"}, "missing_lines": [50, 51, 52], "excluded_lines": [], "start_line": 15}, "_build_suggestions_prompt": {"executed_lines": [60, 61, 62, 63, 65], "summary": {"covered_lines": 5, "num_statements": 5, "percent_covered": 100.0, "percent_covered_display": "100", "missing_lines": 0, "excluded_lines": 0, "percent_statements_covered": 100.0, "percent_statements_covered_display": "100"}, "missing_lines": [], "excluded_lines": [], "start_line": 55}, "_parse_suggestions_response": {"executed_lines": [116, 118, 119, 121, 122, 123, 126, 127, 128, 129, 131], "summary": {"covered_lines": 11, "num_statements": 18, "percent_covered": 61.111111111111114, "percent_covered_display": "61", "missing_lines": 7, "excluded_lines": 0, "percent_statements_covered": 61.111111111111114, "percent_statements_covered_display": "61"}, "missing_lines": [134, 136, 137, 138, 139, 140, 141], "excluded_lines": [], "start_line": 114}, "_validate_suggestion": {"executed_lines": [146, 147], "summary": {"covered_lines": 2, "num_statements": 2, "percent_covered": 100.0, "percent_covered_display": "100", "missing_lines": 0, "excluded_lines": 0, "percent_statements_covered": 100.0, "percent_statements_covered_display": "100"}, "missing_lines": [], "excluded_lines": [], "start_line": 144}, "_parse_text_suggestions": {"executed_lines": [], "summary": {"covered_lines": 0, "num_statements": 18, "percent_covered": 0.0, "percent_covered_display": "0", "missing_lines": 18, "excluded_lines": 0, "percent_statements_covered": 0.0, "percent_statements_covered_display": "0"}, "missing_lines": [152, 155, 156, 158, 159, 160, 161, 163, 164, 165, 166, 172, 173, 174, 175, 177, 178, 180], "excluded_lines": [], "start_line": 150}, "": {"executed_lines": [5, 6, 7, 8, 9, 10, 12, 15, 55, 114, 144, 150], "summary": {"covered_lines": 12, "num_statements": 12, "percent_covered": 100.0, "percent_covered_display": "100", "missing_lines": 0, "excluded_lines": 0, "percent_statements_covered": 100.0, "percent_statements_covered_display": "100"}, "missing_lines": [], "excluded_lines": [], "start_line": 1}}, "classes": {"": {"executed_lines": [5, 6, 7, 8, 9, 10, 12, 15, 28, 30, 33, 36, 42, 43, 45, 47, 48, 55, 60, 61, 62, 63, 65, 114, 116, 118, 119, 121, 122, 123, 126, 127, 128, 129, 131, 144, 146, 147, 150], "summary": {"covered_lines": 39, "num_statements": 67, "percent_covered": 58.208955223880594, "percent_covered_display": "58", "missing_lines": 28, "excluded_lines": 0, "percent_statements_covered": 58.208955223880594, "percent_statements_covered_display": "58"}, "missing_lines": [50, 51, 52, 134, 136, 137, 138, 139, 140, 141, 152, 155, 156, 158, 159, 160, 161, 163, 164, 165, 166, 172, 173, 174, 175, 177, 178, 180], "excluded_lines": [], "start_line": 1}}}, "app\\ai\\nodes\\suggestions\\suggestions_node.py": {"executed_lines": [5, 6, 8, 9, 11, 13, 16, 30, 31, 32, 33, 35, 36, 37, 38, 41, 44, 49, 50, 52, 55, 64, 76, 85, 87, 96, 105, 114, 115, 116, 119, 126, 131, 134], "summary": {"covered_lines": 34, "num_statements": 45, "percent_covered": 75.55555555555556, "percent_covered_display": "76", "missing_lines": 11, "excluded_lines": 0, "percent_statements_covered": 75.55555555555556, "percent_statements_covered_display": "76"}, "missing_lines": [57, 58, 59, 60, 61, 128, 129, 149, 150, 152, 164], "excluded_lines": [], "functions": {"suggestions_node": {"executed_lines": [30, 31, 32, 33, 35, 36, 37, 38, 41, 44, 49, 50, 52, 55], "summary": {"covered_lines": 14, "num_statements": 19, "percent_covered": 73.6842105263158, "percent_covered_display": "74", "missing_lines": 5, "excluded_lines": 0, "percent_statements_covered": 73.6842105263158, "percent_statements_covered_display": "74"}, "missing_lines": [57, 58, 59, 60, 61], "excluded_lines": [], "start_line": 16}, "_gather_project_context": {"executed_lines": [76, 85, 87, 96, 105, 114, 115, 116, 119, 126, 131], "summary": {"covered_lines": 11, "num_statements": 13, "percent_covered": 84.61538461538461, "percent_covered_display": "85", "missing_lines": 2, "excluded_lines": 0, "percent_statements_covered": 84.61538461538461, "percent_statements_covered_display": "85"}, "missing_lines": [128, 129], "excluded_lines": [], "start_line": 64}, "should_generate_suggestions": {"executed_lines": [], "summary": {"covered_lines": 0, "num_statements": 4, "percent_covered": 0.0, "percent_covered_display": "0", "missing_lines": 4, "excluded_lines": 0, "percent_statements_covered": 0.0, "percent_statements_covered_display": "0"}, "missing_lines": [149, 150, 152, 164], "excluded_lines": [], "start_line": 134}, "": {"executed_lines": [5, 6, 8, 9, 11, 13, 16, 64, 134], "summary": {"covered_lines": 9, "num_statements": 9, "percent_covered": 100.0, "percent_covered_display": "100", "missing_lines": 0, "excluded_lines": 0, "percent_statements_covered": 100.0, "percent_statements_covered_display": "100"}, "missing_lines": [], "excluded_lines": [], "start_line": 1}}, "classes": {"": {"executed_lines": [5, 6, 8, 9, 11, 13, 16, 30, 31, 32, 33, 35, 36, 37, 38, 41, 44, 49, 50, 52, 55, 64, 76, 85, 87, 96, 105, 114, 115, 116, 119, 126, 131, 134], "summary": {"covered_lines": 34, "num_statements": 45, "percent_covered": 75.55555555555556, "percent_covered_display": "76", "missing_lines": 11, "excluded_lines": 0, "percent_statements_covered": 75.55555555555556, "percent_statements_covered_display": "76"}, "missing_lines": [57, 58, 59, 60, 61, 128, 129, 149, 150, 152, 164], "excluded_lines": [], "start_line": 1}}}, "app\\ai\\nodes\\template_filler\\__init__.py": {"executed_lines": [1, 2, 4], "summary": {"covered_lines": 3, "num_statements": 3, "percent_covered": 100.0, "percent_covered_display": "100", "missing_lines": 0, "excluded_lines": 0, "percent_statements_covered": 100.0, "percent_statements_covered_display": "100"}, "missing_lines": [], "excluded_lines": [], "functions": {"": {"executed_lines": [1, 2, 4], "summary": {"covered_lines": 3, "num_statements": 3, "percent_covered": 100.0, "percent_covered_display": "100", "missing_lines": 0, "excluded_lines": 0, "percent_statements_covered": 100.0, "percent_statements_covered_display": "100"}, "missing_lines": [], "excluded_lines": [], "start_line": 1}}, "classes": {"": {"executed_lines": [1, 2, 4], "summary": {"covered_lines": 3, "num_statements": 3, "percent_covered": 100.0, "percent_covered_display": "100", "missing_lines": 0, "excluded_lines": 0, "percent_statements_covered": 100.0, "percent_statements_covered_display": "100"}, "missing_lines": [], "excluded_lines": [], "start_line": 1}}}, "app\\ai\\nodes\\template_filler\\llm_template_filler.py": {"executed_lines": [6, 7, 8, 9, 10, 11, 13, 14, 16, 19, 20, 24, 25, 26, 29, 30, 33, 36, 37, 38, 41, 42, 45, 46, 47, 50, 51, 54, 55, 56, 58, 60, 62, 64, 66, 68, 70, 71, 73, 74, 76, 77, 81, 82, 84, 85, 87, 88, 90, 93, 101, 171, 239, 309, 383, 481, 503, 514, 516, 517, 521, 524, 525, 526, 527, 528, 529, 530, 534, 535, 537, 538, 540, 542, 543, 559, 561, 562, 563, 568, 582, 585, 607, 608, 609, 614, 615, 616, 617, 618, 620, 621, 622, 625, 626, 640, 643, 644, 645, 649, 651, 653, 670, 672, 673, 674, 675, 677, 682, 683, 687, 689, 691, 697, 703, 704, 706, 709, 731, 738, 748, 749, 751, 753, 754, 756, 758, 772, 802, 805, 812, 815, 818, 821, 825, 839, 841, 863, 864, 866, 868, 870, 871, 873, 878, 881, 882, 885, 886, 887, 888, 889, 893, 894, 897, 911, 912, 915, 916, 917, 918, 921, 922, 925, 937, 940, 942, 947, 951, 952, 953, 955, 957, 970, 975, 977, 979, 992, 993, 994, 996, 999, 1010, 1011, 1014, 1017, 1020, 1022, 1024, 1026, 1028, 1029, 1031, 1034, 1044, 1046, 1048, 1050, 1051, 1053, 1076, 1078, 1084, 1085, 1086, 1089, 1091, 1092, 1095, 1096, 1097, 1099, 1106, 1108, 1110, 1111, 1114, 1115, 1116, 1117, 1119, 1122, 1131, 1148, 1161, 1180, 1183, 1188, 1189, 1194, 1195, 1196, 1199, 1206, 1207, 1212, 1213, 1214, 1217, 1220, 1223, 1226, 1227, 1228, 1233, 1234, 1235, 1238, 1244, 1252, 1266, 1268, 1269, 1270, 1271, 1272, 1279, 1286, 1289, 1298, 1315], "summary": {"covered_lines": 261, "num_statements": 308, "percent_covered": 84.74025974025975, "percent_covered_display": "85", "missing_lines": 47, "excluded_lines": 0, "percent_statements_covered": 84.74025974025975, "percent_statements_covered_display": "85"}, "missing_lines": [519, 531, 532, 544, 546, 547, 548, 551, 552, 553, 555, 564, 565, 566, 627, 628, 629, 630, 634, 635, 647, 680, 684, 685, 733, 734, 736, 765, 766, 767, 879, 890, 938, 948, 1032, 1045, 1077, 1081, 1100, 1101, 1103, 1104, 1125, 1127, 1129, 1241, 1242], "excluded_lines": [], "functions": {"CRSTemplate.to_dict": {"executed_lines": [60], "summary": {"covered_lines": 1, "num_statements": 1, "percent_covered": 100.0, "percent_covered_display": "100", "missing_lines": 0, "excluded_lines": 0, "percent_statements_covered": 100.0, "percent_statements_covered_display": "100"}, "missing_lines": [], "excluded_lines": [], "start_line": 58}, "CRSTemplate.to_json": {"executed_lines": [64], "summary": {"covered_lines": 1, "num_statements": 1, "percent_covered": 100.0, "percent_covered_display": "100", "missing_lines": 0, "excluded_lines": 0, "percent_statements_covered": 100.0, "percent_statements_covered_display": "100"}, "missing_lines": [], "excluded_lines": [], "start_line": 62}, "CRSTemplate.get_summary_points": {"executed_lines": [68, 70, 71, 73, 74, 76, 77, 81, 82, 84, 85, 87, 88, 90], "summary": {"covered_lines": 14, "num_statements": 14, "percent_covered": 100.0, "percent_covered_display": "100", "missing_lines": 0, "excluded_lines": 0, "percent_statements_covered": 100.0, "percent_statements_covered_display": "100"}, "missing_lines": [], "excluded_lines": [], "start_line": 66}, "LLMTemplateFiller.__init__": {"executed_lines": [514, 516, 517, 521, 524, 525, 526, 527, 528, 529, 530, 534, 535, 537, 538], "summary": {"covered_lines": 15, "num_statements": 18, "percent_covered": 83.33333333333333, "percent_covered_display": "83", "missing_lines": 3, "excluded_lines": 0, "percent_statements_covered": 83.33333333333333, "percent_statements_covered_display": "83"}, "missing_lines": [519, 531, 532], "excluded_lines": [], "start_line": 503}, "LLMTemplateFiller._extract_json": {"executed_lines": [542, 543], "summary": {"covered_lines": 2, "num_statements": 10, "percent_covered": 20.0, "percent_covered_display": "20", "missing_lines": 8, "excluded_lines": 0, "percent_statements_covered": 20.0, "percent_statements_covered_display": "20"}, "missing_lines": [544, 546, 547, 548, 551, 552, 553, 555], "excluded_lines": [], "start_line": 540}, "LLMTemplateFiller._call_llm": {"executed_lines": [561, 562, 563], "summary": {"covered_lines": 3, "num_statements": 6, "percent_covered": 50.0, "percent_covered_display": "50", "missing_lines": 3, "excluded_lines": 0, "percent_statements_covered": 50.0, "percent_statements_covered_display": "50"}, "missing_lines": [564, 565, 566], "excluded_lines": [], "start_line": 559}, "LLMTemplateFiller._track_field_sources": {"executed_lines": [582, 585, 607, 608, 609, 614, 615, 616, 617, 618, 620, 621, 622, 625, 626, 640, 643, 644, 645, 649, 651], "summary": {"covered_lines": 21, "num_statements": 28, "percent_covered": 75.0, "percent_covered_display": "75", "missing_lines": 7, "excluded_lines": 0, "percent_statements_covered": 75.0, "percent_statements_covered_display": "75"}, "missing_lines": [627, 628, 629, 630, 634, 635, 647], "excluded_lines": [], "start_line": 568}, "LLMTemplateFiller.extract_requirements": {"executed_lines": [670, 672, 673, 674, 675, 677, 682, 683, 687, 689, 691, 697, 703, 704, 706, 709, 731], "summary": {"covered_lines": 17, "num_statements": 23, "percent_covered": 73.91304347826087, "percent_covered_display": "74", "missing_lines": 6, "excluded_lines": 0, "percent_statements_covered": 73.91304347826087, "percent_statements_covered_display": "74"}, "missing_lines": [680, 684, 685, 733, 734, 736], "excluded_lines": [], "start_line": 653}, "LLMTemplateFiller.generate_summary": {"executed_lines": [748, 749, 751, 753, 754, 756, 758], "summary": {"covered_lines": 7, "num_statements": 10, "percent_covered": 70.0, "percent_covered_display": "70", "missing_lines": 3, "excluded_lines": 0, "percent_statements_covered": 70.0, "percent_statements_covered_display": "70"}, "missing_lines": [765, 766, 767], "excluded_lines": [], "start_line": 738}, "LLMTemplateFiller.fill_template": {"executed_lines": [802, 805, 812, 815, 818, 821, 825], "summary": {"covered_lines": 7, "num_statements": 7, "percent_covered": 100.0, "percent_covered_display": "100", "missing_lines": 0, "excluded_lines": 0, "percent_statements_covered": 100.0, "percent_statements_covered_display": "100"}, "missing_lines": [], "excluded_lines": [], "start_line": 772}, "LLMTemplateFiller._has_vague_language": {"executed_lines": [841, 863, 864, 866], "summary": {"covered_lines": 4, "num_statements": 4, "percent_covered": 100.0, "percent_covered_display": "100", "missing_lines": 0, "excluded_lines": 0, "percent_statements_covered": 100.0, "percent_statements_covered_display": "100"}, "missing_lines": [], "excluded_lines": [], "start_line": 839}, "LLMTemplateFiller._has_required_keywords": {"executed_lines": [870, 871], "summary": {"covered_lines": 2, "num_statements": 2, "percent_covered": 100.0, "percent_covered_display": "100", "missing_lines": 0, "excluded_lines": 0, "percent_statements_covered": 100.0, "percent_statements_covered_display": "100"}, "missing_lines": [], "excluded_lines": [], "start_line": 868}, "LLMTemplateFiller._calculate_specificity_score": {"executed_lines": [878, 881, 882, 885, 886, 887, 888, 889, 893, 894, 897, 911, 912, 915, 916, 917, 918, 921, 922, 925, 937, 940], "summary": {"covered_lines": 22, "num_statements": 25, "percent_covered": 88.0, "percent_covered_display": "88", "missing_lines": 3, "excluded_lines": 0, "percent_statements_covered": 88.0, "percent_statements_covered_display": "88"}, "missing_lines": [879, 890, 938], "excluded_lines": [], "start_line": 873}, "LLMTemplateFiller._is_in_clarification_mode": {"executed_lines": [947, 951, 952, 953, 955, 957, 970, 975, 977], "summary": {"covered_lines": 9, "num_statements": 10, "percent_covered": 90.0, "percent_covered_display": "90", "missing_lines": 1, "excluded_lines": 0, "percent_statements_covered": 90.0, "percent_statements_covered_display": "90"}, "missing_lines": [948], "excluded_lines": [], "start_line": 942}, "LLMTemplateFiller._validate_field_quality": {"executed_lines": [992, 993, 994, 996, 999, 1010, 1011, 1014, 1017, 1020, 1022, 1024, 1026, 1028, 1029, 1031, 1034, 1044, 1046, 1048, 1050, 1051, 1053, 1076, 1078, 1084, 1085, 1086, 1089, 1091, 1092, 1095, 1096, 1097, 1099, 1106, 1108, 1110, 1111, 1114, 1115, 1116, 1117, 1119, 1122], "summary": {"covered_lines": 45, "num_statements": 56, "percent_covered": 80.35714285714286, "percent_covered_display": "80", "missing_lines": 11, "excluded_lines": 0, "percent_statements_covered": 80.35714285714286, "percent_statements_covered_display": "80"}, "missing_lines": [1032, 1045, 1077, 1081, 1100, 1101, 1103, 1104, 1125, 1127, 1129], "excluded_lines": [], "start_line": 979}, "LLMTemplateFiller._get_completeness_metadata": {"executed_lines": [1148, 1161, 1180, 1183, 1188, 1189, 1194, 1195, 1196, 1199, 1206, 1207, 1212, 1213, 1214, 1217, 1220, 1223, 1226, 1227, 1228, 1233, 1234, 1235, 1238, 1244], "summary": {"covered_lines": 26, "num_statements": 28, "percent_covered": 92.85714285714286, "percent_covered_display": "93", "missing_lines": 2, "excluded_lines": 0, "percent_statements_covered": 92.85714285714286, "percent_statements_covered_display": "93"}, "missing_lines": [1241, 1242], "excluded_lines": [], "start_line": 1131}, "LLMTemplateFiller._check_completeness": {"executed_lines": [1266, 1268, 1279, 1286, 1289, 1298, 1315], "summary": {"covered_lines": 7, "num_statements": 7, "percent_covered": 100.0, "percent_covered_display": "100", "missing_lines": 0, "excluded_lines": 0, "percent_statements_covered": 100.0, "percent_statements_covered_display": "100"}, "missing_lines": [], "excluded_lines": [], "start_line": 1252}, "LLMTemplateFiller._check_completeness.has_content": {"executed_lines": [1269, 1270, 1271, 1272], "summary": {"covered_lines": 4, "num_statements": 4, "percent_covered": 100.0, "percent_covered_display": "100", "missing_lines": 0, "excluded_lines": 0, "percent_statements_covered": 100.0, "percent_statements_covered_display": "100"}, "missing_lines": [], "excluded_lines": [], "start_line": 1268}, "": {"executed_lines": [6, 7, 8, 9, 10, 11, 13, 14, 16, 19, 20, 24, 25, 26, 29, 30, 33, 36, 37, 38, 41, 42, 45, 46, 47, 50, 51, 54, 55, 56, 58, 62, 66, 93, 101, 171, 239, 309, 383, 481, 503, 540, 559, 568, 653, 738, 772, 839, 868, 873, 942, 979, 1131, 1252], "summary": {"covered_lines": 54, "num_statements": 54, "percent_covered": 100.0, "percent_covered_display": "100", "missing_lines": 0, "excluded_lines": 0, "percent_statements_covered": 100.0, "percent_statements_covered_display": "100"}, "missing_lines": [], "excluded_lines": [], "start_line": 1}}, "classes": {"CRSTemplate": {"executed_lines": [60, 64, 68, 70, 71, 73, 74, 76, 77, 81, 82, 84, 85, 87, 88, 90], "summary": {"covered_lines": 16, "num_statements": 16, "percent_covered": 100.0, "percent_covered_display": "100", "missing_lines": 0, "excluded_lines": 0, "percent_statements_covered": 100.0, "percent_statements_covered_display": "100"}, "missing_lines": [], "excluded_lines": [], "start_line": 20}, "LLMTemplateFiller": {"executed_lines": [514, 516, 517, 521, 524, 525, 526, 527, 528, 529, 530, 534, 535, 537, 538, 542, 543, 561, 562, 563, 582, 585, 607, 608, 609, 614, 615, 616, 617, 618, 620, 621, 622, 625, 626, 640, 643, 644, 645, 649, 651, 670, 672, 673, 674, 675, 677, 682, 683, 687, 689, 691, 697, 703, 704, 706, 709, 731, 748, 749, 751, 753, 754, 756, 758, 802, 805, 812, 815, 818, 821, 825, 841, 863, 864, 866, 870, 871, 878, 881, 882, 885, 886, 887, 888, 889, 893, 894, 897, 911, 912, 915, 916, 917, 918, 921, 922, 925, 937, 940, 947, 951, 952, 953, 955, 957, 970, 975, 977, 992, 993, 994, 996, 999, 1010, 1011, 1014, 1017, 1020, 1022, 1024, 1026, 1028, 1029, 1031, 1034, 1044, 1046, 1048, 1050, 1051, 1053, 1076, 1078, 1084, 1085, 1086, 1089, 1091, 1092, 1095, 1096, 1097, 1099, 1106, 1108, 1110, 1111, 1114, 1115, 1116, 1117, 1119, 1122, 1148, 1161, 1180, 1183, 1188, 1189, 1194, 1195, 1196, 1199, 1206, 1207, 1212, 1213, 1214, 1217, 1220, 1223, 1226, 1227, 1228, 1233, 1234, 1235, 1238, 1244, 1266, 1268, 1269, 1270, 1271, 1272, 1279, 1286, 1289, 1298, 1315], "summary": {"covered_lines": 191, "num_statements": 238, "percent_covered": 80.25210084033614, "percent_covered_display": "80", "missing_lines": 47, "excluded_lines": 0, "percent_statements_covered": 80.25210084033614, "percent_statements_covered_display": "80"}, "missing_lines": [519, 531, 532, 544, 546, 547, 548, 551, 552, 553, 555, 564, 565, 566, 627, 628, 629, 630, 634, 635, 647, 680, 684, 685, 733, 734, 736, 765, 766, 767, 879, 890, 938, 948, 1032, 1045, 1077, 1081, 1100, 1101, 1103, 1104, 1125, 1127, 1129, 1241, 1242], "excluded_lines": [], "start_line": 93}, "": {"executed_lines": [6, 7, 8, 9, 10, 11, 13, 14, 16, 19, 20, 24, 25, 26, 29, 30, 33, 36, 37, 38, 41, 42, 45, 46, 47, 50, 51, 54, 55, 56, 58, 62, 66, 93, 101, 171, 239, 309, 383, 481, 503, 540, 559, 568, 653, 738, 772, 839, 868, 873, 942, 979, 1131, 1252], "summary": {"covered_lines": 54, "num_statements": 54, "percent_covered": 100.0, "percent_covered_display": "100", "missing_lines": 0, "excluded_lines": 0, "percent_statements_covered": 100.0, "percent_statements_covered_display": "100"}, "missing_lines": [], "excluded_lines": [], "start_line": 1}}}, "app\\ai\\nodes\\template_filler\\template_filler_node.py": {"executed_lines": [6, 8, 9, 10, 13, 33, 34, 35, 36, 37, 38, 39, 42, 45, 53, 54, 57, 58, 59, 60, 62, 64, 65, 74], "summary": {"covered_lines": 24, "num_statements": 25, "percent_covered": 96.0, "percent_covered_display": "96", "missing_lines": 1, "excluded_lines": 0, "percent_statements_covered": 96.0, "percent_statements_covered_display": "96"}, "missing_lines": [87], "excluded_lines": [], "functions": {"template_filler_node": {"executed_lines": [33, 34, 35, 36, 37, 38, 39, 42, 45, 53, 54, 57, 58, 59, 60, 62, 64, 65, 74], "summary": {"covered_lines": 19, "num_statements": 20, "percent_covered": 95.0, "percent_covered_display": "95", "missing_lines": 1, "excluded_lines": 0, "percent_statements_covered": 95.0, "percent_statements_covered_display": "95"}, "missing_lines": [87], "excluded_lines": [], "start_line": 13}, "": {"executed_lines": [6, 8, 9, 10, 13], "summary": {"covered_lines": 5, "num_statements": 5, "percent_covered": 100.0, "percent_covered_display": "100", "missing_lines": 0, "excluded_lines": 0, "percent_statements_covered": 100.0, "percent_statements_covered_display": "100"}, "missing_lines": [], "excluded_lines": [], "start_line": 1}}, "classes": {"": {"executed_lines": [6, 8, 9, 10, 13, 33, 34, 35, 36, 37, 38, 39, 42, 45, 53, 54, 57, 58, 59, 60, 62, 64, 65, 74], "summary": {"covered_lines": 24, "num_statements": 25, "percent_covered": 96.0, "percent_covered_display": "96", "missing_lines": 1, "excluded_lines": 0, "percent_statements_covered": 96.0, "percent_statements_covered_display": "96"}, "missing_lines": [87], "excluded_lines": [], "start_line": 1}}}, "app\\ai\\state.py": {"executed_lines": [1, 4, 5, 6, 7, 8, 11, 12, 13, 15, 16, 18, 21, 22, 23, 24, 25, 26, 27, 30, 31, 32, 35, 36, 39, 40, 41, 42], "summary": {"covered_lines": 28, "num_statements": 28, "percent_covered": 100.0, "percent_covered_display": "100", "missing_lines": 0, "excluded_lines": 0, "percent_statements_covered": 100.0, "percent_statements_covered_display": "100"}, "missing_lines": [], "excluded_lines": [], "functions": {"": {"executed_lines": [1, 4, 5, 6, 7, 8, 11, 12, 13, 15, 16, 18, 21, 22, 23, 24, 25, 26, 27, 30, 31, 32, 35, 36, 39, 40, 41, 42], "summary": {"covered_lines": 28, "num_statements": 28, "percent_covered": 100.0, "percent_covered_display": "100", "missing_lines": 0, "excluded_lines": 0, "percent_statements_covered": 100.0, "percent_statements_covered_display": "100"}, "missing_lines": [], "excluded_lines": [], "start_line": 1}}, "classes": {"AgentState": {"executed_lines": [], "summary": {"covered_lines": 0, "num_statements": 0, "percent_covered": 100.0, "percent_covered_display": "100", "missing_lines": 0, "excluded_lines": 0, "percent_statements_covered": 100.0, "percent_statements_covered_display": "100"}, "missing_lines": [], "excluded_lines": [], "start_line": 4}, "": {"executed_lines": [1, 4, 5, 6, 7, 8, 11, 12, 13, 15, 16, 18, 21, 22, 23, 24, 25, 26, 27, 30, 31, 32, 35, 36, 39, 40, 41, 42], "summary": {"covered_lines": 28, "num_statements": 28, "percent_covered": 100.0, "percent_covered_display": "100", "missing_lines": 0, "excluded_lines": 0, "percent_statements_covered": 100.0, "percent_statements_covered_display": "100"}, "missing_lines": [], "excluded_lines": [], "start_line": 1}}}, "app\\api\\__init__.py": {"executed_lines": [1, 3, 18, 19, 20, 21, 22, 23, 24, 25, 28, 30, 31, 32, 33, 34], "summary": {"covered_lines": 16, "num_statements": 16, "percent_covered": 100.0, "percent_covered_display": "100", "missing_lines": 0, "excluded_lines": 0, "percent_statements_covered": 100.0, "percent_statements_covered_display": "100"}, "missing_lines": [], "excluded_lines": [], "functions": {"": {"executed_lines": [1, 3, 18, 19, 20, 21, 22, 23, 24, 25, 28, 30, 31, 32, 33, 34], "summary": {"covered_lines": 16, "num_statements": 16, "percent_covered": 100.0, "percent_covered_display": "100", "missing_lines": 0, "excluded_lines": 0, "percent_statements_covered": 100.0, "percent_statements_covered_display": "100"}, "missing_lines": [], "excluded_lines": [], "start_line": 1}}, "classes": {"": {"executed_lines": [1, 3, 18, 19, 20, 21, 22, 23, 24, 25, 28, 30, 31, 32, 33, 34], "summary": {"covered_lines": 16, "num_statements": 16, "percent_covered": 100.0, "percent_covered_display": "100", "missing_lines": 0, "excluded_lines": 0, "percent_statements_covered": 100.0, "percent_statements_covered_display": "100"}, "missing_lines": [], "excluded_lines": [], "start_line": 1}}}, "app\\api\\ai.py": {"executed_lines": [1, 3, 4, 6, 7, 9, 10, 13, 14, 15, 16, 19, 20, 21, 22, 23, 24, 25, 26, 29, 30, 31, 32, 38, 40, 49, 50, 52, 53, 56], "summary": {"covered_lines": 30, "num_statements": 30, "percent_covered": 100.0, "percent_covered_display": "100", "missing_lines": 0, "excluded_lines": 0, "percent_statements_covered": 100.0, "percent_statements_covered_display": "100"}, "missing_lines": [], "excluded_lines": [], "functions": {"analyze_requirements": {"executed_lines": [31, 32, 38, 40, 49, 50, 52, 53, 56], "summary": {"covered_lines": 9, "num_statements": 9, "percent_covered": 100.0, "percent_covered_display": "100", "missing_lines": 0, "excluded_lines": 0, "percent_statements_covered": 100.0, "percent_statements_covered_display": "100"}, "missing_lines": [], "excluded_lines": [], "start_line": 30}, "": {"executed_lines": [1, 3, 4, 6, 7, 9, 10, 13, 14, 15, 16, 19, 20, 21, 22, 23, 24, 25, 26, 29, 30], "summary": {"covered_lines": 21, "num_statements": 21, "percent_covered": 100.0, "percent_covered_display": "100", "missing_lines": 0, "excluded_lines": 0, "percent_statements_covered": 100.0, "percent_statements_covered_display": "100"}, "missing_lines": [], "excluded_lines": [], "start_line": 1}}, "classes": {"RequirementInput": {"executed_lines": [], "summary": {"covered_lines": 0, "num_statements": 0, "percent_covered": 100.0, "percent_covered_display": "100", "missing_lines": 0, "excluded_lines": 0, "percent_statements_covered": 100.0, "percent_statements_covered_display": "100"}, "missing_lines": [], "excluded_lines": [], "start_line": 13}, "ClarificationResponse": {"executed_lines": [], "summary": {"covered_lines": 0, "num_statements": 0, "percent_covered": 100.0, "percent_covered_display": "100", "missing_lines": 0, "excluded_lines": 0, "percent_statements_covered": 100.0, "percent_statements_covered_display": "100"}, "missing_lines": [], "excluded_lines": [], "start_line": 19}, "": {"executed_lines": [1, 3, 4, 6, 7, 9, 10, 13, 14, 15, 16, 19, 20, 21, 22, 23, 24, 25, 26, 29, 30, 31, 32, 38, 40, 49, 50, 52, 53, 56], "summary": {"covered_lines": 30, "num_statements": 30, "percent_covered": 100.0, "percent_covered_display": "100", "missing_lines": 0, "excluded_lines": 0, "percent_statements_covered": 100.0, "percent_statements_covered_display": "100"}, "missing_lines": [], "excluded_lines": [], "start_line": 1}}}, "app\\api\\auth.py": {"executed_lines": [1, 2, 3, 5, 6, 7, 8, 9, 10, 11, 13, 16, 17, 18, 19, 20, 21, 23, 29, 30, 31, 34, 35, 36, 38, 44, 58, 60, 63, 64, 65, 70, 71, 72, 77, 79, 80, 83, 84, 85, 86, 89, 90, 96, 97, 98, 101], "summary": {"covered_lines": 47, "num_statements": 51, "percent_covered": 92.15686274509804, "percent_covered_display": "92", "missing_lines": 4, "excluded_lines": 0, "percent_statements_covered": 92.15686274509804, "percent_statements_covered_display": "92"}, "missing_lines": [46, 47, 48, 56], "excluded_lines": [], "functions": {"register_user": {"executed_lines": [19, 20, 21, 23, 29, 30, 31, 34, 35, 36, 38, 44, 58, 60], "summary": {"covered_lines": 14, "num_statements": 18, "percent_covered": 77.77777777777777, "percent_covered_display": "78", "missing_lines": 4, "excluded_lines": 0, "percent_statements_covered": 77.77777777777777, "percent_statements_covered_display": "78"}, "missing_lines": [46, 47, 48, 56], "excluded_lines": [], "start_line": 18}, "login": {"executed_lines": [70, 71, 72, 77, 79, 80], "summary": {"covered_lines": 6, "num_statements": 6, "percent_covered": 100.0, "percent_covered_display": "100", "missing_lines": 0, "excluded_lines": 0, "percent_statements_covered": 100.0, "percent_statements_covered_display": "100"}, "missing_lines": [], "excluded_lines": [], "start_line": 65}, "get_me": {"executed_lines": [86], "summary": {"covered_lines": 1, "num_statements": 1, "percent_covered": 100.0, "percent_covered_display": "100", "missing_lines": 0, "excluded_lines": 0, "percent_statements_covered": 100.0, "percent_statements_covered_display": "100"}, "missing_lines": [], "excluded_lines": [], "start_line": 85}, "get_user_by_id": {"executed_lines": [96, 97, 98, 101], "summary": {"covered_lines": 4, "num_statements": 4, "percent_covered": 100.0, "percent_covered_display": "100", "missing_lines": 0, "excluded_lines": 0, "percent_statements_covered": 100.0, "percent_statements_covered_display": "100"}, "missing_lines": [], "excluded_lines": [], "start_line": 90}, "": {"executed_lines": [1, 2, 3, 5, 6, 7, 8, 9, 10, 11, 13, 16, 17, 18, 63, 64, 65, 83, 84, 85, 89, 90], "summary": {"covered_lines": 22, "num_statements": 22, "percent_covered": 100.0, "percent_covered_display": "100", "missing_lines": 0, "excluded_lines": 0, "percent_statements_covered": 100.0, "percent_statements_covered_display": "100"}, "missing_lines": [], "excluded_lines": [], "start_line": 1}}, "classes": {"": {"executed_lines": [1, 2, 3, 5, 6, 7, 8, 9, 10, 11, 13, 16, 17, 18, 19, 20, 21, 23, 29, 30, 31, 34, 35, 36, 38, 44, 58, 60, 63, 64, 65, 70, 71, 72, 77, 79, 80, 83, 84, 85, 86, 89, 90, 96, 97, 98, 101], "summary": {"covered_lines": 47, "num_statements": 51, "percent_covered": 92.15686274509804, "percent_covered_display": "92", "missing_lines": 4, "excluded_lines": 0, "percent_statements_covered": 92.15686274509804, "percent_statements_covered_display": "92"}, "missing_lines": [46, 47, 48, 56], "excluded_lines": [], "start_line": 1}}}, "app\\api\\chats.py": {"executed_lines": [1, 2, 4, 13, 14, 17, 18, 19, 20, 21, 22, 23, 30, 34, 35, 37, 39, 40, 41, 42, 43, 45, 46, 47, 48, 51, 54, 55, 56, 57, 58, 59, 60, 61, 64, 70, 71, 78, 79, 82, 92, 93, 94, 109, 112, 117, 125, 126, 129, 138, 139, 140, 143, 157, 158, 166, 167, 170, 177, 178, 183, 186, 187, 196, 197, 200, 206, 213, 216, 217, 220, 223, 224, 227, 234, 237, 238, 246, 247, 250, 256, 257, 263, 266, 267, 269, 275, 276, 283, 285, 292, 293, 315, 320, 321, 322, 323, 324, 325, 331, 332, 333, 337, 344, 345, 346, 347, 348, 349, 350, 351, 352, 355, 356, 362, 367, 370, 371, 372, 375, 377, 379, 380, 382, 384, 385, 386, 387, 388, 390, 391, 394, 395, 396, 397, 400, 403, 410, 411, 412, 415, 424, 430, 431, 432, 435, 444, 446, 447, 448, 451, 455, 458, 461, 468, 481, 545, 549, 550, 551, 557, 558, 559], "summary": {"covered_lines": 163, "num_statements": 209, "percent_covered": 77.99043062200957, "percent_covered_display": "78", "missing_lines": 46, "excluded_lines": 0, "percent_statements_covered": 77.99043062200957, "percent_statements_covered_display": "78"}, "missing_lines": [49, 52, 207, 214, 221, 326, 327, 328, 334, 335, 336, 338, 339, 340, 341, 363, 364, 365, 459, 462, 465, 466, 483, 486, 493, 494, 495, 499, 509, 510, 511, 519, 520, 525, 526, 527, 528, 532, 533, 536, 541, 546, 552, 553, 560, 561], "excluded_lines": [], "functions": {"ConnectionManager.__init__": {"executed_lines": [37], "summary": {"covered_lines": 1, "num_statements": 1, "percent_covered": 100.0, "percent_covered_display": "100", "missing_lines": 0, "excluded_lines": 0, "percent_statements_covered": 100.0, "percent_statements_covered_display": "100"}, "missing_lines": [], "excluded_lines": [], "start_line": 35}, "ConnectionManager.connect": {"executed_lines": [40, 41, 42, 43], "summary": {"covered_lines": 4, "num_statements": 4, "percent_covered": 100.0, "percent_covered_display": "100", "missing_lines": 0, "excluded_lines": 0, "percent_statements_covered": 100.0, "percent_statements_covered_display": "100"}, "missing_lines": [], "excluded_lines": [], "start_line": 39}, "ConnectionManager.disconnect": {"executed_lines": [46, 47, 48], "summary": {"covered_lines": 3, "num_statements": 4, "percent_covered": 75.0, "percent_covered_display": "75", "missing_lines": 1, "excluded_lines": 0, "percent_statements_covered": 75.0, "percent_statements_covered_display": "75"}, "missing_lines": [49], "excluded_lines": [], "start_line": 45}, "ConnectionManager.send_personal_message": {"executed_lines": [], "summary": {"covered_lines": 0, "num_statements": 1, "percent_covered": 0.0, "percent_covered_display": "0", "missing_lines": 1, "excluded_lines": 0, "percent_statements_covered": 0.0, "percent_statements_covered_display": "0"}, "missing_lines": [52], "excluded_lines": [], "start_line": 51}, "ConnectionManager.broadcast_to_session": {"executed_lines": [55, 56, 57, 58, 59, 60, 61], "summary": {"covered_lines": 7, "num_statements": 7, "percent_covered": 100.0, "percent_covered_display": "100", "missing_lines": 0, "excluded_lines": 0, "percent_statements_covered": 100.0, "percent_statements_covered_display": "100"}, "missing_lines": [], "excluded_lines": [], "start_line": 54}, "get_project_chats": {"executed_lines": [78, 79, 82, 92, 93, 94, 109], "summary": {"covered_lines": 7, "num_statements": 7, "percent_covered": 100.0, "percent_covered_display": "100", "missing_lines": 0, "excluded_lines": 0, "percent_statements_covered": 100.0, "percent_statements_covered_display": "100"}, "missing_lines": [], "excluded_lines": [], "start_line": 71}, "create_project_chat": {"executed_lines": [125, 126, 129, 138, 139, 140, 143], "summary": {"covered_lines": 7, "num_statements": 7, "percent_covered": 100.0, "percent_covered_display": "100", "missing_lines": 0, "excluded_lines": 0, "percent_statements_covered": 100.0, "percent_statements_covered_display": "100"}, "missing_lines": [], "excluded_lines": [], "start_line": 117}, "get_project_chat": {"executed_lines": [166, 167, 170, 177, 178, 183], "summary": {"covered_lines": 6, "num_statements": 6, "percent_covered": 100.0, "percent_covered_display": "100", "missing_lines": 0, "excluded_lines": 0, "percent_statements_covered": 100.0, "percent_statements_covered_display": "100"}, "missing_lines": [], "excluded_lines": [], "start_line": 158}, "update_project_chat": {"executed_lines": [196, 197, 200, 206, 213, 216, 217, 220, 223, 224, 227, 234], "summary": {"covered_lines": 12, "num_statements": 15, "percent_covered": 80.0, "percent_covered_display": "80", "missing_lines": 3, "excluded_lines": 0, "percent_statements_covered": 80.0, "percent_statements_covered_display": "80"}, "missing_lines": [207, 214, 221], "excluded_lines": [], "start_line": 187}, "delete_project_chat": {"executed_lines": [246, 247, 250, 256, 257, 263, 266, 267, 269], "summary": {"covered_lines": 9, "num_statements": 9, "percent_covered": 100.0, "percent_covered_display": "100", "missing_lines": 0, "excluded_lines": 0, "percent_statements_covered": 100.0, "percent_statements_covered_display": "100"}, "missing_lines": [], "excluded_lines": [], "start_line": 238}, "websocket_endpoint": {"executed_lines": [283, 285, 292, 293, 315, 320, 321, 322, 323, 324, 325, 331, 332, 333, 337, 344, 345, 346, 347, 348, 349, 350, 351, 352, 355, 356, 362, 367, 370, 371, 372, 375, 377, 379, 380, 382, 384, 385, 386, 387, 388, 390, 391, 394, 395, 396, 397, 400, 403, 410, 411, 412, 415, 424, 430, 431, 432, 435, 444, 446, 447, 448, 451, 455, 458, 461, 468, 481, 545, 549, 550, 551, 557, 558, 559], "summary": {"covered_lines": 75, "num_statements": 116, "percent_covered": 64.65517241379311, "percent_covered_display": "65", "missing_lines": 41, "excluded_lines": 0, "percent_statements_covered": 64.65517241379311, "percent_statements_covered_display": "65"}, "missing_lines": [326, 327, 328, 334, 335, 336, 338, 339, 340, 341, 363, 364, 365, 459, 462, 465, 466, 483, 486, 493, 494, 495, 499, 509, 510, 511, 519, 520, 525, 526, 527, 528, 532, 533, 536, 541, 546, 552, 553, 560, 561], "excluded_lines": [], "start_line": 276}, "": {"executed_lines": [1, 2, 4, 13, 14, 17, 18, 19, 20, 21, 22, 23, 30, 34, 35, 39, 45, 51, 54, 64, 70, 71, 112, 117, 157, 158, 186, 187, 237, 238, 275, 276], "summary": {"covered_lines": 32, "num_statements": 32, "percent_covered": 100.0, "percent_covered_display": "100", "missing_lines": 0, "excluded_lines": 0, "percent_statements_covered": 100.0, "percent_statements_covered_display": "100"}, "missing_lines": [], "excluded_lines": [], "start_line": 1}}, "classes": {"ConnectionManager": {"executed_lines": [37, 40, 41, 42, 43, 46, 47, 48, 55, 56, 57, 58, 59, 60, 61], "summary": {"covered_lines": 15, "num_statements": 17, "percent_covered": 88.23529411764706, "percent_covered_display": "88", "missing_lines": 2, "excluded_lines": 0, "percent_statements_covered": 88.23529411764706, "percent_statements_covered_display": "88"}, "missing_lines": [49, 52], "excluded_lines": [], "start_line": 34}, "": {"executed_lines": [1, 2, 4, 13, 14, 17, 18, 19, 20, 21, 22, 23, 30, 34, 35, 39, 45, 51, 54, 64, 70, 71, 78, 79, 82, 92, 93, 94, 109, 112, 117, 125, 126, 129, 138, 139, 140, 143, 157, 158, 166, 167, 170, 177, 178, 183, 186, 187, 196, 197, 200, 206, 213, 216, 217, 220, 223, 224, 227, 234, 237, 238, 246, 247, 250, 256, 257, 263, 266, 267, 269, 275, 276, 283, 285, 292, 293, 315, 320, 321, 322, 323, 324, 325, 331, 332, 333, 337, 344, 345, 346, 347, 348, 349, 350, 351, 352, 355, 356, 362, 367, 370, 371, 372, 375, 377, 379, 380, 382, 384, 385, 386, 387, 388, 390, 391, 394, 395, 396, 397, 400, 403, 410, 411, 412, 415, 424, 430, 431, 432, 435, 444, 446, 447, 448, 451, 455, 458, 461, 468, 481, 545, 549, 550, 551, 557, 558, 559], "summary": {"covered_lines": 148, "num_statements": 192, "percent_covered": 77.08333333333333, "percent_covered_display": "77", "missing_lines": 44, "excluded_lines": 0, "percent_statements_covered": 77.08333333333333, "percent_statements_covered_display": "77"}, "missing_lines": [207, 214, 221, 326, 327, 328, 334, 335, 336, 338, 339, 340, 341, 363, 364, 365, 459, 462, 465, 466, 483, 486, 493, 494, 495, 499, 509, 510, 511, 519, 520, 525, 526, 527, 528, 532, 533, 536, 541, 546, 552, 553, 560, 561], "excluded_lines": [], "start_line": 1}}}, "app\\api\\comments.py": {"executed_lines": [5, 6, 8, 9, 10, 12, 13, 14, 15, 16, 17, 18, 20, 23, 24, 25, 28, 29, 30, 31, 32, 33, 34, 36, 37, 40, 41, 48, 49, 50, 55, 56, 59, 62, 63, 64, 67, 69, 72, 74, 78, 88, 89, 96, 97, 98, 103, 104, 107, 114, 115, 116, 117, 128], "summary": {"covered_lines": 54, "num_statements": 54, "percent_covered": 100.0, "percent_covered_display": "100", "missing_lines": 0, "excluded_lines": 0, "percent_statements_covered": 100.0, "percent_statements_covered_display": "100"}, "missing_lines": [], "excluded_lines": [], "functions": {"create_comment": {"executed_lines": [48, 49, 50, 55, 56, 59, 62, 63, 64, 67, 69, 72, 74, 78], "summary": {"covered_lines": 14, "num_statements": 14, "percent_covered": 100.0, "percent_covered_display": "100", "missing_lines": 0, "excluded_lines": 0, "percent_statements_covered": 100.0, "percent_statements_covered_display": "100"}, "missing_lines": [], "excluded_lines": [], "start_line": 41}, "get_comments": {"executed_lines": [96, 97, 98, 103, 104, 107, 114, 115, 116, 117, 128], "summary": {"covered_lines": 11, "num_statements": 11, "percent_covered": 100.0, "percent_covered_display": "100", "missing_lines": 0, "excluded_lines": 0, "percent_statements_covered": 100.0, "percent_statements_covered_display": "100"}, "missing_lines": [], "excluded_lines": [], "start_line": 89}, "": {"executed_lines": [5, 6, 8, 9, 10, 12, 13, 14, 15, 16, 17, 18, 20, 23, 24, 25, 28, 29, 30, 31, 32, 33, 34, 36, 37, 40, 41, 88, 89], "summary": {"covered_lines": 29, "num_statements": 29, "percent_covered": 100.0, "percent_covered_display": "100", "missing_lines": 0, "excluded_lines": 0, "percent_statements_covered": 100.0, "percent_statements_covered_display": "100"}, "missing_lines": [], "excluded_lines": [], "start_line": 1}}, "classes": {"CommentCreate": {"executed_lines": [], "summary": {"covered_lines": 0, "num_statements": 0, "percent_covered": 100.0, "percent_covered_display": "100", "missing_lines": 0, "excluded_lines": 0, "percent_statements_covered": 100.0, "percent_statements_covered_display": "100"}, "missing_lines": [], "excluded_lines": [], "start_line": 23}, "CommentOut": {"executed_lines": [], "summary": {"covered_lines": 0, "num_statements": 0, "percent_covered": 100.0, "percent_covered_display": "100", "missing_lines": 0, "excluded_lines": 0, "percent_statements_covered": 100.0, "percent_statements_covered_display": "100"}, "missing_lines": [], "excluded_lines": [], "start_line": 28}, "CommentOut.Config": {"executed_lines": [], "summary": {"covered_lines": 0, "num_statements": 0, "percent_covered": 100.0, "percent_covered_display": "100", "missing_lines": 0, "excluded_lines": 0, "percent_statements_covered": 100.0, "percent_statements_covered_display": "100"}, "missing_lines": [], "excluded_lines": [], "start_line": 36}, "": {"executed_lines": [5, 6, 8, 9, 10, 12, 13, 14, 15, 16, 17, 18, 20, 23, 24, 25, 28, 29, 30, 31, 32, 33, 34, 36, 37, 40, 41, 48, 49, 50, 55, 56, 59, 62, 63, 64, 67, 69, 72, 74, 78, 88, 89, 96, 97, 98, 103, 104, 107, 114, 115, 116, 117, 128], "summary": {"covered_lines": 54, "num_statements": 54, "percent_covered": 100.0, "percent_covered_display": "100", "missing_lines": 0, "excluded_lines": 0, "percent_statements_covered": 100.0, "percent_statements_covered_display": "100"}, "missing_lines": [], "excluded_lines": [], "start_line": 1}}}, "app\\api\\crs.py": {"executed_lines": [1, 2, 3, 4, 5, 7, 8, 9, 10, 12, 18, 19, 20, 21, 22, 23, 24, 25, 35, 42, 50, 53, 55, 56, 57, 58, 61, 62, 63, 64, 65, 68, 71, 72, 77, 80, 83, 88, 89, 90, 91, 92, 93, 94, 95, 96, 97, 98, 99, 100, 101, 102, 104, 105, 108, 109, 110, 111, 112, 113, 114, 115, 116, 117, 118, 120, 121, 124, 127, 128, 129, 130, 131, 132, 133, 134, 135, 136, 137, 138, 141, 142, 150, 151, 154, 155, 159, 164, 166, 168, 180, 181, 183, 186, 187, 188, 191, 194, 203, 205, 208, 216, 217, 220, 221, 227, 245, 246, 254, 255, 257, 258, 259, 291, 292, 301, 304, 305, 306, 355, 360, 456, 457, 477, 480, 481, 482, 485, 486, 488, 489, 493, 494, 502, 503, 517, 520, 526, 529, 538, 555, 558, 559, 585, 588, 589, 603, 612, 618, 625, 642, 645, 646, 647, 648, 654, 655, 661, 680, 683, 684, 692, 693, 695, 696, 697, 698, 699, 704, 705, 711, 729, 732, 733, 741, 742, 743, 747, 748, 750, 751, 755, 756, 762, 780, 781, 796, 797, 805, 806, 812, 813, 818, 819, 822, 825, 836, 838, 841, 843, 844, 852, 853, 873, 881, 882, 884, 885, 891, 892, 898, 916, 917, 924, 925, 927, 928, 930, 937, 954, 956, 957, 960, 965, 966, 979, 980, 985, 986, 990, 991, 996, 997, 1006, 1013, 1014, 1017, 1018, 1022, 1023, 1029, 1046, 1047, 1053, 1054, 1069, 1070, 1071, 1076, 1077, 1079, 1082, 1084, 1163, 1164, 1165, 1167, 1168, 1170, 1173, 1174, 1176, 1177, 1178, 1181, 1206], "summary": {"covered_lines": 266, "num_statements": 436, "percent_covered": 61.00917431192661, "percent_covered_display": "61", "missing_lines": 170, "excluded_lines": 0, "percent_statements_covered": 61.00917431192661, "percent_statements_covered_display": "61"}, "missing_lines": [224, 225, 261, 262, 263, 264, 266, 267, 270, 271, 273, 309, 310, 313, 314, 319, 320, 321, 324, 325, 327, 328, 331, 332, 334, 352, 374, 377, 378, 379, 382, 383, 385, 387, 392, 403, 404, 405, 408, 409, 411, 420, 422, 424, 425, 428, 429, 431, 447, 448, 449, 450, 492, 495, 496, 522, 523, 539, 540, 542, 543, 547, 548, 549, 560, 561, 564, 565, 567, 614, 615, 620, 621, 622, 626, 627, 629, 630, 634, 635, 636, 651, 652, 658, 659, 702, 703, 708, 709, 752, 753, 759, 760, 798, 799, 814, 862, 888, 889, 895, 896, 926, 981, 1019, 1020, 1026, 1027, 1085, 1086, 1087, 1088, 1089, 1090, 1091, 1096, 1097, 1098, 1099, 1100, 1101, 1102, 1103, 1104, 1107, 1108, 1109, 1114, 1115, 1120, 1121, 1126, 1127, 1128, 1129, 1130, 1131, 1132, 1133, 1134, 1135, 1136, 1137, 1138, 1141, 1142, 1143, 1148, 1149, 1154, 1155, 1156, 1157, 1158, 1159, 1160, 1161, 1166, 1171, 1172, 1179, 1180, 1182, 1184, 1185, 1186, 1188, 1193, 1201, 1202, 1204], "excluded_lines": [], "functions": {"create_crs": {"executed_lines": [150, 151, 154, 155, 159, 164, 166, 168, 180, 181, 183, 186, 187, 188, 191, 194, 203, 205, 208, 216, 217, 220, 221, 227], "summary": {"covered_lines": 24, "num_statements": 26, "percent_covered": 92.3076923076923, "percent_covered_display": "92", "missing_lines": 2, "excluded_lines": 0, "percent_statements_covered": 92.3076923076923, "percent_statements_covered_display": "92"}, "missing_lines": [224, 225], "excluded_lines": [], "start_line": 142}, "read_latest_crs": {"executed_lines": [254, 255, 257, 258, 259], "summary": {"covered_lines": 5, "num_statements": 14, "percent_covered": 35.714285714285715, "percent_covered_display": "36", "missing_lines": 9, "excluded_lines": 0, "percent_statements_covered": 35.714285714285715, "percent_statements_covered_display": "36"}, "missing_lines": [261, 262, 263, 264, 266, 267, 270, 271, 273], "excluded_lines": [], "start_line": 246}, "read_crs_for_session": {"executed_lines": [301, 304, 305, 306], "summary": {"covered_lines": 4, "num_statements": 19, "percent_covered": 21.05263157894737, "percent_covered_display": "21", "missing_lines": 15, "excluded_lines": 0, "percent_statements_covered": 21.05263157894737, "percent_statements_covered_display": "21"}, "missing_lines": [309, 310, 313, 314, 319, 320, 321, 324, 325, 327, 328, 331, 332, 334, 352], "excluded_lines": [], "start_line": 292}, "generate_draft_crs_from_session": {"executed_lines": [], "summary": {"covered_lines": 0, "num_statements": 26, "percent_covered": 0.0, "percent_covered_display": "0", "missing_lines": 26, "excluded_lines": 0, "percent_statements_covered": 0.0, "percent_statements_covered_display": "0"}, "missing_lines": [374, 377, 378, 379, 382, 383, 385, 387, 392, 403, 404, 405, 408, 409, 411, 420, 422, 424, 425, 428, 429, 431, 447, 448, 449, 450], "excluded_lines": [], "start_line": 360}, "preview_crs_for_session": {"executed_lines": [477, 480, 481, 482, 485, 486, 488, 489, 493, 494], "summary": {"covered_lines": 10, "num_statements": 13, "percent_covered": 76.92307692307692, "percent_covered_display": "77", "missing_lines": 3, "excluded_lines": 0, "percent_statements_covered": 76.92307692307692, "percent_statements_covered_display": "77"}, "missing_lines": [492, 495, 496], "excluded_lines": [], "start_line": 457}, "list_crs_for_review": {"executed_lines": [517, 520, 526, 529, 538, 555, 558, 559, 585], "summary": {"covered_lines": 9, "num_statements": 23, "percent_covered": 39.130434782608695, "percent_covered_display": "39", "missing_lines": 14, "excluded_lines": 0, "percent_statements_covered": 39.130434782608695, "percent_statements_covered_display": "39"}, "missing_lines": [522, 523, 539, 540, 542, 543, 547, 548, 549, 560, 561, 564, 565, 567], "excluded_lines": [], "start_line": 503}, "list_my_crs_requests": {"executed_lines": [603, 612, 618, 625, 642, 645, 646, 647, 648, 654, 655, 661, 680], "summary": {"covered_lines": 13, "num_statements": 29, "percent_covered": 44.827586206896555, "percent_covered_display": "45", "missing_lines": 16, "excluded_lines": 0, "percent_statements_covered": 44.827586206896555, "percent_statements_covered_display": "45"}, "missing_lines": [614, 615, 620, 621, 622, 626, 627, 629, 630, 634, 635, 636, 651, 652, 658, 659], "excluded_lines": [], "start_line": 589}, "read_crs_versions": {"executed_lines": [692, 693, 695, 696, 697, 698, 699, 704, 705, 711, 729], "summary": {"covered_lines": 11, "num_statements": 15, "percent_covered": 73.33333333333333, "percent_covered_display": "73", "missing_lines": 4, "excluded_lines": 0, "percent_statements_covered": 73.33333333333333, "percent_statements_covered_display": "73"}, "missing_lines": [702, 703, 708, 709], "excluded_lines": [], "start_line": 684}, "read_crs": {"executed_lines": [741, 742, 743, 747, 748, 750, 751, 755, 756, 762], "summary": {"covered_lines": 10, "num_statements": 14, "percent_covered": 71.42857142857143, "percent_covered_display": "71", "missing_lines": 4, "excluded_lines": 0, "percent_statements_covered": 71.42857142857143, "percent_statements_covered_display": "71"}, "missing_lines": [752, 753, 759, 760], "excluded_lines": [], "start_line": 733}, "update_crs_status_endpoint": {"executed_lines": [796, 797, 805, 806, 812, 813, 818, 819, 822, 825, 836, 838, 841, 843, 844, 852, 853, 873, 881, 882, 884, 885, 891, 892, 898], "summary": {"covered_lines": 25, "num_statements": 33, "percent_covered": 75.75757575757575, "percent_covered_display": "76", "missing_lines": 8, "excluded_lines": 0, "percent_statements_covered": 75.75757575757575, "percent_statements_covered_display": "76"}, "missing_lines": [798, 799, 814, 862, 888, 889, 895, 896], "excluded_lines": [], "start_line": 781}, "get_crs_audit_logs": {"executed_lines": [924, 925, 927, 928, 930, 937], "summary": {"covered_lines": 6, "num_statements": 7, "percent_covered": 85.71428571428571, "percent_covered_display": "86", "missing_lines": 1, "excluded_lines": 0, "percent_statements_covered": 85.71428571428571, "percent_statements_covered_display": "86"}, "missing_lines": [926], "excluded_lines": [], "start_line": 917}, "update_crs_content_endpoint": {"executed_lines": [979, 980, 985, 986, 990, 991, 996, 997, 1006, 1013, 1014, 1017, 1018, 1022, 1023, 1029, 1046, 1047], "summary": {"covered_lines": 18, "num_statements": 23, "percent_covered": 78.26086956521739, "percent_covered_display": "78", "missing_lines": 5, "excluded_lines": 0, "percent_statements_covered": 78.26086956521739, "percent_statements_covered_display": "78"}, "missing_lines": [981, 1019, 1020, 1026, 1027], "excluded_lines": [], "start_line": 966}, "export_crs": {"executed_lines": [1069, 1070, 1071, 1076, 1077, 1079, 1082, 1084, 1163, 1164, 1165, 1167, 1168, 1170, 1173, 1174, 1176, 1177, 1178, 1181, 1206], "summary": {"covered_lines": 21, "num_statements": 35, "percent_covered": 60.0, "percent_covered_display": "60", "missing_lines": 14, "excluded_lines": 0, "percent_statements_covered": 60.0, "percent_statements_covered_display": "60"}, "missing_lines": [1166, 1171, 1172, 1179, 1180, 1182, 1184, 1185, 1186, 1188, 1193, 1201, 1202, 1204], "excluded_lines": [], "start_line": 1054}, "export_crs.crs_json_to_markdown": {"executed_lines": [], "summary": {"covered_lines": 0, "num_statements": 49, "percent_co
[...]
 316, 317, 320, 327, 328, 329], "summary": {"covered_lines": 10, "num_statements": 12, "percent_covered": 83.33333333333333, "percent_covered_display": "83", "missing_lines": 2, "excluded_lines": 0, "percent_statements_covered": 83.33333333333333, "percent_statements_covered_display": "83"}, "missing_lines": [306, 318], "excluded_lines": [], "start_line": 280}, "": {"executed_lines": [5, 6, 7, 8, 10, 12, 13, 15, 18, 88, 98, 117, 170, 177, 280], "summary": {"covered_lines": 15, "num_statements": 15, "percent_covered": 100.0, "percent_covered_display": "100", "missing_lines": 0, "excluded_lines": 0, "percent_statements_covered": 100.0, "percent_statements_covered_display": "100"}, "missing_lines": [], "excluded_lines": [], "start_line": 1}}, "classes": {"": {"executed_lines": [5, 6, 7, 8, 10, 12, 13, 15, 18, 39, 40, 42, 45, 46, 49, 50, 51, 52, 55, 57, 69, 70, 71, 73, 74, 75, 85, 88, 90, 98, 109, 117, 143, 144, 148, 149, 155, 156, 157, 159, 160, 162, 163, 165, 166, 167, 170, 174, 177, 198, 199, 200, 203, 204, 207, 208, 211, 218, 219, 222, 223, 224, 225, 228, 238, 239, 242, 245, 253, 255, 256, 257, 259, 260, 264, 280, 304, 305, 309, 310, 316, 317, 320, 327, 328, 329], "summary": {"covered_lines": 86, "num_statements": 90, "percent_covered": 95.55555555555556, "percent_covered_display": "96", "missing_lines": 4, "excluded_lines": 2, "percent_statements_covered": 95.55555555555556, "percent_statements_covered_display": "96"}, "missing_lines": [145, 205, 306, 318], "excluded_lines": [82, 83], "start_line": 1}}}, "app\\services\\export_service.py": {"executed_lines": [1, 2, 3, 4, 5, 6, 8, 9, 14, 18, 22, 23, 30, 123, 126, 363, 365, 367, 370, 377, 379, 380, 382, 386, 388, 495, 498, 500, 503, 504, 509, 538, 549, 550, 553, 554, 555, 564, 565, 568, 569, 572, 581, 584, 592, 593, 595, 596, 607, 609, 610, 611, 619, 620, 621, 622, 623, 625, 626, 627, 628, 629, 631, 632, 633, 636, 637, 641, 649, 652, 655, 663, 669, 675, 683, 684, 693, 696, 697, 698, 699, 701, 702, 705, 711, 719, 720, 721, 723, 724, 726, 729, 733, 734, 735, 736, 737], "summary": {"covered_lines": 97, "num_statements": 126, "percent_covered": 76.98412698412699, "percent_covered_display": "77", "missing_lines": 29, "excluded_lines": 0, "percent_statements_covered": 76.98412698412699, "percent_statements_covered_display": "77"}, "missing_lines": [10, 11, 19, 26, 27, 136, 137, 140, 141, 143, 144, 146, 149, 360, 366, 378, 383, 384, 501, 505, 506, 634, 685, 686, 687, 688, 690, 691, 700], "excluded_lines": [], "functions": {"markdown_to_html": {"executed_lines": [18, 22, 23, 30, 123], "summary": {"covered_lines": 5, "num_statements": 8, "percent_covered": 62.5, "percent_covered_display": "62", "missing_lines": 3, "excluded_lines": 0, "percent_statements_covered": 62.5, "percent_statements_covered_display": "62"}, "missing_lines": [19, 26, 27], "excluded_lines": [], "start_line": 14}, "crs_to_professional_html": {"executed_lines": [], "summary": {"covered_lines": 0, "num_statements": 9, "percent_covered": 0.0, "percent_covered_display": "0", "missing_lines": 9, "excluded_lines": 0, "percent_statements_covered": 0.0, "percent_statements_covered_display": "0"}, "missing_lines": [136, 137, 140, 141, 143, 144, 146, 149, 360], "excluded_lines": [], "start_line": 126}, "export_markdown_bytes": {"executed_lines": [365, 367], "summary": {"covered_lines": 2, "num_statements": 3, "percent_covered": 66.66666666666667, "percent_covered_display": "67", "missing_lines": 1, "excluded_lines": 0, "percent_statements_covered": 66.66666666666667, "percent_statements_covered_display": "67"}, "missing_lines": [366], "excluded_lines": [], "start_line": 363}, "html_to_pdf_bytes": {"executed_lines": [377, 379, 380, 382, 386, 388, 495, 498, 500, 503, 504], "summary": {"covered_lines": 11, "num_statements": 17, "percent_covered": 64.70588235294117, "percent_covered_display": "65", "missing_lines": 6, "excluded_lines": 0, "percent_statements_covered": 64.70588235294117, "percent_statements_covered_display": "65"}, "missing_lines": [378, 383, 384, 501, 505, 506], "excluded_lines": [], "start_line": 370}, "crs_to_csv_data": {"executed_lines": [549, 550, 553, 568, 569, 572, 581, 584, 641, 649, 652, 655, 663, 669, 675, 683, 684, 693, 696, 697, 698, 699, 701, 702, 705, 711, 719, 720, 721, 723, 724, 726], "summary": {"covered_lines": 32, "num_statements": 39, "percent_covered": 82.05128205128206, "percent_covered_display": "82", "missing_lines": 7, "excluded_lines": 0, "percent_statements_covered": 82.05128205128206, "percent_statements_covered_display": "82"}, "missing_lines": [685, 686, 687, 688, 690, 691, 700], "excluded_lines": [], "start_line": 538}, "crs_to_csv_data.create_row": {"executed_lines": [554, 555, 564, 565], "summary": {"covered_lines": 4, "num_statements": 4, "percent_covered": 100.0, "percent_covered_display": "100", "missing_lines": 0, "excluded_lines": 0, "percent_statements_covered": 100.0, "percent_statements_covered_display": "100"}, "missing_lines": [], "excluded_lines": [], "start_line": 553}, "crs_to_csv_data.add_section": {"executed_lines": [592, 593, 595, 596, 607, 609, 610, 611, 619, 620, 621, 622, 623, 625, 626, 627, 628, 629, 631, 632, 633, 636, 637], "summary": {"covered_lines": 23, "num_statements": 24, "percent_covered": 95.83333333333333, "percent_covered_display": "96", "missing_lines": 1, "excluded_lines": 0, "percent_statements_covered": 95.83333333333333, "percent_statements_covered_display": "96"}, "missing_lines": [634], "excluded_lines": [], "start_line": 584}, "generate_csv_bytes": {"executed_lines": [733, 734, 735, 736, 737], "summary": {"covered_lines": 5, "num_statements": 5, "percent_covered": 100.0, "percent_covered_display": "100", "missing_lines": 0, "excluded_lines": 0, "percent_statements_covered": 100.0, "percent_statements_covered_display": "100"}, "missing_lines": [], "excluded_lines": [], "start_line": 729}, "": {"executed_lines": [1, 2, 3, 4, 5, 6, 8, 9, 14, 126, 363, 370, 509, 538, 729], "summary": {"covered_lines": 15, "num_statements": 17, "percent_covered": 88.23529411764706, "percent_covered_display": "88", "missing_lines": 2, "excluded_lines": 0, "percent_statements_covered": 88.23529411764706, "percent_statements_covered_display": "88"}, "missing_lines": [10, 11], "excluded_lines": [], "start_line": 1}}, "classes": {"": {"executed_lines": [1, 2, 3, 4, 5, 6, 8, 9, 14, 18, 22, 23, 30, 123, 126, 363, 365, 367, 370, 377, 379, 380, 382, 386, 388, 495, 498, 500, 503, 504, 509, 538, 549, 550, 553, 554, 555, 564, 565, 568, 569, 572, 581, 584, 592, 593, 595, 596, 607, 609, 610, 611, 619, 620, 621, 622, 623, 625, 626, 627, 628, 629, 631, 632, 633, 636, 637, 641, 649, 652, 655, 663, 669, 675, 683, 684, 693, 696, 697, 698, 699, 701, 702, 705, 711, 719, 720, 721, 723, 724, 726, 729, 733, 734, 735, 736, 737], "summary": {"covered_lines": 97, "num_statements": 126, "percent_covered": 76.98412698412699, "percent_covered_display": "77", "missing_lines": 29, "excluded_lines": 0, "percent_statements_covered": 76.98412698412699, "percent_statements_covered_display": "77"}, "missing_lines": [10, 11, 19, 26, 27, 136, 137, 140, 141, 143, 144, 146, 149, 360, 366, 378, 383, 384, 501, 505, 506, 634, 685, 686, 687, 688, 690, 691, 700], "excluded_lines": [], "start_line": 1}}}, "app\\services\\notification_service.py": {"executed_lines": [5, 7, 9, 10, 11, 12, 13, 16, 26, 34, 35, 36, 37, 40, 49, 91, 95, 98, 106, 107, 108, 109, 111, 126, 127, 137, 145, 146, 147, 150, 165, 166, 176, 186, 187, 188, 191, 207, 218, 227, 228, 229, 231, 232, 235, 250, 261, 270, 271, 272, 275, 291, 292, 302, 311, 312, 313, 316, 332, 333, 343, 351, 352, 355, 370], "summary": {"covered_lines": 65, "num_statements": 74, "percent_covered": 87.83783783783784, "percent_covered_display": "88", "missing_lines": 9, "excluded_lines": 0, "percent_statements_covered": 87.83783783783784, "percent_statements_covered_display": "88"}, "missing_lines": [148, 189, 208, 233, 251, 273, 314, 353, 371], "excluded_lines": [], "functions": {"create_notification": {"executed_lines": [26, 34, 35, 36, 37], "summary": {"covered_lines": 5, "num_statements": 5, "percent_covered": 100.0, "percent_covered_display": "100", "missing_lines": 0, "excluded_lines": 0, "percent_statements_covered": 100.0, "percent_statements_covered_display": "100"}, "missing_lines": [], "excluded_lines": [], "start_line": 16}, "send_crs_notification_email": {"executed_lines": [49, 91, 95], "summary": {"covered_lines": 3, "num_statements": 3, "percent_covered": 100.0, "percent_covered_display": "100", "missing_lines": 0, "excluded_lines": 0, "percent_statements_covered": 100.0, "percent_statements_covered_display": "100"}, "missing_lines": [], "excluded_lines": [], "start_line": 40}, "notify_crs_created": {"executed_lines": [106, 107, 108, 109, 111, 126, 127], "summary": {"covered_lines": 7, "num_statements": 7, "percent_covered": 100.0, "percent_covered_display": "100", "missing_lines": 0, "excluded_lines": 0, "percent_statements_covered": 100.0, "percent_statements_covered_display": "100"}, "missing_lines": [], "excluded_lines": [], "start_line": 98}, "notify_crs_updated": {"executed_lines": [145, 146, 147, 150, 165, 166], "summary": {"covered_lines": 6, "num_statements": 7, "percent_covered": 85.71428571428571, "percent_covered_display": "86", "missing_lines": 1, "excluded_lines": 0, "percent_statements_covered": 85.71428571428571, "percent_statements_covered_display": "86"}, "missing_lines": [148], "excluded_lines": [], "start_line": 137}, "notify_crs_status_changed": {"executed_lines": [186, 187, 188, 191, 207], "summary": {"covered_lines": 5, "num_statements": 7, "percent_covered": 71.42857142857143, "percent_covered_display": "71", "missing_lines": 2, "excluded_lines": 0, "percent_statements_covered": 71.42857142857143, "percent_statements_covered_display": "71"}, "missing_lines": [189, 208], "excluded_lines": [], "start_line": 176}, "notify_crs_comment_added": {"executed_lines": [227, 228, 229, 231, 232, 235, 250], "summary": {"covered_lines": 7, "num_statements": 9, "percent_covered": 77.77777777777777, "percent_covered_display": "78", "missing_lines": 2, "excluded_lines": 0, "percent_statements_covered": 77.77777777777777, "percent_statements_covered_display": "78"}, "missing_lines": [233, 251], "excluded_lines": [], "start_line": 218}, "notify_crs_approved": {"executed_lines": [270, 271, 272, 275, 291, 292], "summary": {"covered_lines": 6, "num_statements": 7, "percent_covered": 85.71428571428571, "percent_covered_display": "86", "missing_lines": 1, "excluded_lines": 0, "percent_statements_covered": 85.71428571428571, "percent_statements_covered_display": "86"}, "missing_lines": [273], "excluded_lines": [], "start_line": 261}, "notify_crs_rejected": {"executed_lines": [311, 312, 313, 316, 332, 333], "summary": {"covered_lines": 6, "num_statements": 7, "percent_covered": 85.71428571428571, "percent_covered_display": "86", "missing_lines": 1, "excluded_lines": 0, "percent_statements_covered": 85.71428571428571, "percent_statements_covered_display": "86"}, "missing_lines": [314], "excluded_lines": [], "start_line": 302}, "notify_crs_review_assignment": {"executed_lines": [351, 352, 355, 370], "summary": {"covered_lines": 4, "num_statements": 6, "percent_covered": 66.66666666666667, "percent_covered_display": "67", "missing_lines": 2, "excluded_lines": 0, "percent_statements_covered": 66.66666666666667, "percent_statements_covered_display": "67"}, "missing_lines": [353, 371], "excluded_lines": [], "start_line": 343}, "": {"executed_lines": [5, 7, 9, 10, 11, 12, 13, 16, 40, 98, 137, 176, 218, 261, 302, 343], "summary": {"covered_lines": 16, "num_statements": 16, "percent_covered": 100.0, "percent_covered_display": "100", "missing_lines": 0, "excluded_lines": 0, "percent_statements_covered": 100.0, "percent_statements_covered_display": "100"}, "missing_lines": [], "excluded_lines": [], "start_line": 1}}, "classes": {"": {"executed_lines": [5, 7, 9, 10, 11, 12, 13, 16, 26, 34, 35, 36, 37, 40, 49, 91, 95, 98, 106, 107, 108, 109, 111, 126, 127, 137, 145, 146, 147, 150, 165, 166, 176, 186, 187, 188, 191, 207, 218, 227, 228, 229, 231, 232, 235, 250, 261, 270, 271, 272, 275, 291, 292, 302, 311, 312, 313, 316, 332, 333, 343, 351, 352, 355, 370], "summary": {"covered_lines": 65, "num_statements": 74, "percent_covered": 87.83783783783784, "percent_covered_display": "88", "missing_lines": 9, "excluded_lines": 0, "percent_statements_covered": 87.83783783783784, "percent_statements_covered_display": "88"}, "missing_lines": [148, 189, 208, 233, 251, 273, 314, 353, 371], "excluded_lines": [], "start_line": 1}}}, "app\\utils\\email.py": {"executed_lines": [1, 2, 3, 5, 8, 49, 61, 64, 138, 151], "summary": {"covered_lines": 10, "num_statements": 30, "percent_covered": 33.333333333333336, "percent_covered_display": "33", "missing_lines": 20, "excluded_lines": 0, "percent_statements_covered": 33.333333333333336, "percent_statements_covered_display": "33"}, "missing_lines": [21, 22, 23, 24, 27, 28, 29, 32, 33, 36, 37, 38, 39, 40, 41, 42, 43, 44, 45, 46], "excluded_lines": [], "functions": {"send_email": {"executed_lines": [], "summary": {"covered_lines": 0, "num_statements": 20, "percent_covered": 0.0, "percent_covered_display": "0", "missing_lines": 20, "excluded_lines": 0, "percent_statements_covered": 0.0, "percent_statements_covered_display": "0"}, "missing_lines": [21, 22, 23, 24, 27, 28, 29, 32, 33, 36, 37, 38, 39, 40, 41, 42, 43, 44, 45, 46], "excluded_lines": [], "start_line": 8}, "send_invitation_email": {"executed_lines": [61, 64, 138, 151], "summary": {"covered_lines": 4, "num_statements": 4, "percent_covered": 100.0, "percent_covered_display": "100", "missing_lines": 0, "excluded_lines": 0, "percent_statements_covered": 100.0, "percent_statements_covered_display": "100"}, "missing_lines": [], "excluded_lines": [], "start_line": 49}, "": {"executed_lines": [1, 2, 3, 5, 8, 49], "summary": {"covered_lines": 6, "num_statements": 6, "percent_covered": 100.0, "percent_covered_display": "100", "missing_lines": 0, "excluded_lines": 0, "percent_statements_covered": 100.0, "percent_statements_covered_display": "100"}, "missing_lines": [], "excluded_lines": [], "start_line": 1}}, "classes": {"": {"executed_lines": [1, 2, 3, 5, 8, 49, 61, 64, 138, 151], "summary": {"covered_lines": 10, "num_statements": 30, "percent_covered": 33.333333333333336, "percent_covered_display": "33", "missing_lines": 20, "excluded_lines": 0, "percent_statements_covered": 33.333333333333336, "percent_statements_covered_display": "33"}, "missing_lines": [21, 22, 23, 24, 27, 28, 29, 32, 33, 36, 37, 38, 39, 40, 41, 42, 43, 44, 45, 46], "excluded_lines": [], "start_line": 1}}}, "app\\utils\\hash.py": {"executed_lines": [1, 3, 5, 8, 12, 13, 14, 15, 18, 19, 22, 23], "summary": {"covered_lines": 12, "num_statements": 12, "percent_covered": 100.0, "percent_covered_display": "100", "missing_lines": 0, "excluded_lines": 0, "percent_statements_covered": 100.0, "percent_statements_covered_display": "100"}, "missing_lines": [], "excluded_lines": [], "functions": {"truncate_password": {"executed_lines": [12, 13, 14, 15], "summary": {"covered_lines": 4, "num_statements": 4, "percent_covered": 100.0, "percent_covered_display": "100", "missing_lines": 0, "excluded_lines": 0, "percent_statements_covered": 100.0, "percent_statements_covered_display": "100"}, "missing_lines": [], "excluded_lines": [], "start_line": 8}, "hash_password": {"executed_lines": [19], "summary": {"covered_lines": 1, "num_statements": 1, "percent_covered": 100.0, "percent_covered_display": "100", "missing_lines": 0, "excluded_lines": 0, "percent_statements_covered": 100.0, "percent_statements_covered_display": "100"}, "missing_lines": [], "excluded_lines": [], "start_line": 18}, "verify_password": {"executed_lines": [23], "summary": {"covered_lines": 1, "num_statements": 1, "percent_covered": 100.0, "percent_covered_display": "100", "missing_lines": 0, "excluded_lines": 0, "percent_statements_covered": 100.0, "percent_statements_covered_display": "100"}, "missing_lines": [], "excluded_lines": [], "start_line": 22}, "": {"executed_lines": [1, 3, 5, 8, 18, 22], "summary": {"covered_lines": 6, "num_statements": 6, "percent_covered": 100.0, "percent_covered_display": "100", "missing_lines": 0, "excluded_lines": 0, "percent_statements_covered": 100.0, "percent_statements_covered_display": "100"}, "missing_lines": [], "excluded_lines": [], "start_line": 1}}, "classes": {"": {"executed_lines": [1, 3, 5, 8, 12, 13, 14, 15, 18, 19, 22, 23], "summary": {"covered_lines": 12, "num_statements": 12, "percent_covered": 100.0, "percent_covered_display": "100", "missing_lines": 0, "excluded_lines": 0, "percent_statements_covered": 100.0, "percent_statements_covered_display": "100"}, "missing_lines": [], "excluded_lines": [], "start_line": 1}}}, "app\\utils\\invitation.py": {"executed_lines": [1, 2, 4, 6, 7, 8, 11, 13, 16, 38, 39, 41, 51, 52, 53, 55, 58, 70, 71, 96, 106, 107], "summary": {"covered_lines": 22, "num_statements": 37, "percent_covered": 59.45945945945946, "percent_covered_display": "59", "missing_lines": 15, "excluded_lines": 0, "percent_statements_covered": 59.45945945945946, "percent_statements_covered_display": "59"}, "missing_lines": [77, 79, 80, 81, 82, 83, 84, 86, 87, 88, 89, 90, 91, 92, 93], "excluded_lines": [], "functions": {"generate_invitation_token": {"executed_lines": [13], "summary": {"covered_lines": 1, "num_statements": 1, "percent_covered": 100.0, "percent_covered_display": "100", "missing_lines": 0, "excluded_lines": 0, "percent_statements_covered": 100.0, "percent_statements_covered_display": "100"}, "missing_lines": [], "excluded_lines": [], "start_line": 11}, "create_invitation": {"executed_lines": [38, 39, 41, 51, 52, 53, 55], "summary": {"covered_lines": 7, "num_statements": 7, "percent_covered": 100.0, "percent_covered_display": "100", "missing_lines": 0, "excluded_lines": 0, "percent_statements_covered": 100.0, "percent_statements_covered_display": "100"}, "missing_lines": [], "excluded_lines": [], "start_line": 16}, "send_invitation_email_to_console": {"executed_lines": [70, 71], "summary": {"covered_lines": 2, "num_statements": 17, "percent_covered": 11.764705882352942, "percent_covered_display": "12", "missing_lines": 15, "excluded_lines": 0, "percent_statements_covered": 11.764705882352942, "percent_statements_covered_display": "12"}, "missing_lines": [77, 79, 80, 81, 82, 83, 84, 86, 87, 88, 89, 90, 91, 92, 93], "excluded_lines": [], "start_line": 58}, "build_invitation_link": {"executed_lines": [106, 107], "summary": {"covered_lines": 2, "num_statements": 2, "percent_covered": 100.0, "percent_covered_display": "100", "missing_lines": 0, "excluded_lines": 0, "percent_statements_covered": 100.0, "percent_statements_covered_display": "100"}, "missing_lines": [], "excluded_lines": [], "start_line": 96}, "": {"executed_lines": [1, 2, 4, 6, 7, 8, 11, 16, 58, 96], "summary": {"covered_lines": 10, "num_statements": 10, "percent_covered": 100.0, "percent_covered_display": "100", "missing_lines": 0, "excluded_lines": 0, "percent_statements_covered": 100.0, "percent_statements_covered_display": "100"}, "missing_lines": [], "excluded_lines": [], "start_line": 1}}, "classes": {"": {"executed_lines": [1, 2, 4, 6, 7, 8, 11, 13, 16, 38, 39, 41, 51, 52, 53, 55, 58, 70, 71, 96, 106, 107], "summary": {"covered_lines": 22, "num_statements": 37, "percent_covered": 59.45945945945946, "percent_covered_display": "59", "missing_lines": 15, "excluded_lines": 0, "percent_statements_covered": 59.45945945945946, "percent_statements_covered_display": "59"}, "missing_lines": [77, 79, 80, 81, 82, 83, 84, 86, 87, 88, 89, 90, 91, 92, 93], "excluded_lines": [], "start_line": 1}}}}, "totals": {"covered_lines": 2966, "num_statements": 3649, "percent_covered": 81.28254316251028, "percent_covered_display": "81", "missing_lines": 683, "excluded_lines": 3, "percent_statements_covered": 81.28254316251028, "percent_statements_covered_display": "81"}}